Copyright 1986-2017 Xilinx, Inc. All Rights Reserved.
------------------------------------------------------------------------------------
| Tool Version : Vivado v.2017.2 (win64) Build 1909853 Thu Jun 15 18:39:09 MDT 2017
| Date         : Sat Apr 21 21:43:43 2018
| Host         : ECTET-1360-03 running 64-bit major release  (build 9200)
| Command      : upgrade_ip
| Device       : xc7z010clg400-1
------------------------------------------------------------------------------------

Upgrade Log for IP 'design_1_led_error_2_0'

1. Summary
----------

SUCCESS in the upgrade of design_1_led_error_2_0 from rit.edu:user:led_error:2.0 (Rev. 1) to rit.edu:user:led_error:3.0 (Rev. 1)






Copyright 1986-2017 Xilinx, Inc. All Rights Reserved.
------------------------------------------------------------------------------------
| Tool Version : Vivado v.2017.2 (win64) Build 1909853 Thu Jun 15 18:39:09 MDT 2017
| Date         : Sat Apr 21 21:43:43 2018
| Host         : ECTET-1360-03 running 64-bit major release  (build 9200)
| Command      : upgrade_ip
| Device       : xc7z010clg400-1
------------------------------------------------------------------------------------

Upgrade Log for IP 'design_1_led_error_1_0'

1. Summary
----------

SUCCESS in the upgrade of design_1_led_error_1_0 from rit.edu:user:led_error:2.0 (Rev. 1) to rit.edu:user:led_error:3.0 (Rev. 1)






Copyright 1986-2017 Xilinx, Inc. All Rights Reserved.
------------------------------------------------------------------------------------
| Tool Version : Vivado v.2017.2 (win64) Build 1909853 Thu Jun 15 18:39:09 MDT 2017
| Date         : Sat Apr 21 21:43:43 2018
| Host         : ECTET-1360-03 running 64-bit major release  (build 9200)
| Command      : upgrade_ip
| Device       : xc7z010clg400-1
------------------------------------------------------------------------------------

Upgrade Log for IP 'design_1_led_error_0_0'

1. Summary
----------

SUCCESS in the upgrade of design_1_led_error_0_0 from rit.edu:user:led_error:2.0 (Rev. 1) to rit.edu:user:led_error:3.0 (Rev. 1)






Copyright 1986-2017 Xilinx, Inc. All Rights Reserved.
------------------------------------------------------------------------------------
| Tool Version : Vivado v.2017.2 (win64) Build 1909853 Thu Jun 15 18:39:09 MDT 2017
| Date         : Sat Apr 21 21:31:14 2018
| Host         : ECTET-1360-03 running 64-bit major release  (build 9200)
| Command      : upgrade_ip
| Device       : xc7z010clg400-1
------------------------------------------------------------------------------------

Upgrade Log for IP 'design_1_led_error_2_0'

1. Summary
----------

SUCCESS in the upgrade of design_1_led_error_2_0 from rit.edu:user:led_error:1.0 (Rev. 2) to rit.edu:user:led_error:2.0 (Rev. 1)






Copyright 1986-2017 Xilinx, Inc. All Rights Reserved.
------------------------------------------------------------------------------------
| Tool Version : Vivado v.2017.2 (win64) Build 1909853 Thu Jun 15 18:39:09 MDT 2017
| Date         : Sat Apr 21 21:31:14 2018
| Host         : ECTET-1360-03 running 64-bit major release  (build 9200)
| Command      : upgrade_ip
| Device       : xc7z010clg400-1
------------------------------------------------------------------------------------

Upgrade Log for IP 'design_1_led_error_1_0'

1. Summary
----------

SUCCESS in the upgrade of design_1_led_error_1_0 from rit.edu:user:led_error:1.0 (Rev. 2) to rit.edu:user:led_error:2.0 (Rev. 1)






Copyright 1986-2017 Xilinx, Inc. All Rights Reserved.
------------------------------------------------------------------------------------
| Tool Version : Vivado v.2017.2 (win64) Build 1909853 Thu Jun 15 18:39:09 MDT 2017
| Date         : Sat Apr 21 21:31:14 2018
| Host         : ECTET-1360-03 running 64-bit major release  (build 9200)
| Command      : upgrade_ip
| Device       : xc7z010clg400-1
------------------------------------------------------------------------------------

Upgrade Log for IP 'design_1_led_error_0_0'

1. Summary
----------

SUCCESS in the upgrade of design_1_led_error_0_0 from rit.edu:user:led_error:1.0 (Rev. 2) to rit.edu:user:led_error:2.0 (Rev. 1)

