
*** Running vivado
    with args -log design_1_echo_pulse_measurer_1_0.vds -m64 -product Vivado -mode batch -messageDb vivado.pb -notrace -source design_1_echo_pulse_measurer_1_0.tcl


****** Vivado v2017.2 (64-bit)
  **** SW Build 1909853 on Thu Jun 15 18:39:09 MDT 2017
  **** IP Build 1909766 on Thu Jun 15 19:58:00 MDT 2017
    ** Copyright 1986-2017 Xilinx, Inc. All Rights Reserved.

source design_1_echo_pulse_measurer_1_0.tcl -notrace
Command: synth_design -top design_1_echo_pulse_measurer_1_0 -part xc7z010clg400-1 -mode out_of_context
Starting synth_design
Attempting to get a license for feature 'Synthesis' and/or device 'xc7z010-clg400'
INFO: [Common 17-349] Got license for feature 'Synthesis' and/or device 'xc7z010-clg400'
INFO: Launching helper process for spawning children vivado processes
INFO: Helper process launched with PID 14324 
---------------------------------------------------------------------------------
Starting RTL Elaboration : Time (s): cpu = 00:00:04 ; elapsed = 00:00:04 . Memory (MB): peak = 342.586 ; gain = 79.953
---------------------------------------------------------------------------------
INFO: [Synth 8-638] synthesizing module 'design_1_echo_pulse_measurer_1_0' [s:/4-19-21/src/ip/design_1_echo_pulse_measurer_1_0/synth/design_1_echo_pulse_measurer_1_0.vhd:68]
INFO: [Synth 8-3491] module 'sensor_reader_top' declared at 's:/4-19-21/src/ipshared/821e/src/sensor_reader_top.vhd:18' bound to instance 'U0' of component 'sensor_reader_top' [s:/4-19-21/src/ip/design_1_echo_pulse_measurer_1_0/synth/design_1_echo_pulse_measurer_1_0.vhd:90]
INFO: [Synth 8-638] synthesizing module 'sensor_reader_top' [s:/4-19-21/src/ipshared/821e/src/sensor_reader_top.vhd:30]
INFO: [Synth 8-3491] module 'trigger_pulse_generator' declared at 's:/4-19-21/src/ipshared/821e/src/trigger_pulse_generator.vhd:17' bound to instance 'trigger_pulse_generator_inst' of component 'trigger_pulse_generator' [s:/4-19-21/src/ipshared/821e/src/sensor_reader_top.vhd:56]
INFO: [Synth 8-638] synthesizing module 'trigger_pulse_generator' [s:/4-19-21/src/ipshared/821e/src/trigger_pulse_generator.vhd:26]
INFO: [Synth 8-256] done synthesizing module 'trigger_pulse_generator' (1#1) [s:/4-19-21/src/ipshared/821e/src/trigger_pulse_generator.vhd:26]
INFO: [Synth 8-3491] module 'echo_pulse_measurer' declared at 's:/4-19-21/src/ipshared/821e/echo_pulse_measurer.vhd:18' bound to instance 'echo_pulse_measurer_inst' of component 'echo_pulse_measurer' [s:/4-19-21/src/ipshared/821e/src/sensor_reader_top.vhd:64]
INFO: [Synth 8-638] synthesizing module 'echo_pulse_measurer' [s:/4-19-21/src/ipshared/821e/echo_pulse_measurer.vhd:29]
INFO: [Synth 8-256] done synthesizing module 'echo_pulse_measurer' (2#1) [s:/4-19-21/src/ipshared/821e/echo_pulse_measurer.vhd:29]
INFO: [Synth 8-256] done synthesizing module 'sensor_reader_top' (3#1) [s:/4-19-21/src/ipshared/821e/src/sensor_reader_top.vhd:30]
INFO: [Synth 8-256] done synthesizing module 'design_1_echo_pulse_measurer_1_0' (4#1) [s:/4-19-21/src/ip/design_1_echo_pulse_measurer_1_0/synth/design_1_echo_pulse_measurer_1_0.vhd:68]
---------------------------------------------------------------------------------
Finished RTL Elaboration : Time (s): cpu = 00:00:05 ; elapsed = 00:00:06 . Memory (MB): peak = 382.664 ; gain = 120.031
---------------------------------------------------------------------------------

Report Check Netlist: 
+------+------------------+-------+---------+-------+------------------+
|      |Item              |Errors |Warnings |Status |Description       |
+------+------------------+-------+---------+-------+------------------+
|1     |multi_driven_nets |      0|        0|Passed |Multi driven nets |
+------+------------------+-------+---------+-------+------------------+
---------------------------------------------------------------------------------
Finished RTL Optimization Phase 1 : Time (s): cpu = 00:00:05 ; elapsed = 00:00:06 . Memory (MB): peak = 382.664 ; gain = 120.031
---------------------------------------------------------------------------------
INFO: [Device 21-403] Loading part xc7z010clg400-1
INFO: [Project 1-570] Preparing netlist for logic optimization

Processing XDC Constraints
Initializing timing engine
Completed Processing XDC Constraints

INFO: [Project 1-111] Unisim Transformation Summary:
No Unisim elements were transformed.

Constraint Validation Runtime : Time (s): cpu = 00:00:00 ; elapsed = 00:00:00.015 . Memory (MB): peak = 674.945 ; gain = 0.000
---------------------------------------------------------------------------------
Finished Constraint Validation : Time (s): cpu = 00:00:14 ; elapsed = 00:00:16 . Memory (MB): peak = 674.945 ; gain = 412.313
---------------------------------------------------------------------------------
---------------------------------------------------------------------------------
Start Loading Part and Timing Information
---------------------------------------------------------------------------------
Loading part: xc7z010clg400-1
---------------------------------------------------------------------------------
Finished Loading Part and Timing Information : Time (s): cpu = 00:00:14 ; elapsed = 00:00:16 . Memory (MB): peak = 674.945 ; gain = 412.313
---------------------------------------------------------------------------------
---------------------------------------------------------------------------------
Start Applying 'set_property' XDC Constraints
---------------------------------------------------------------------------------
---------------------------------------------------------------------------------
Finished applying 'set_property' XDC Constraints : Time (s): cpu = 00:00:14 ; elapsed = 00:00:16 . Memory (MB): peak = 674.945 ; gain = 412.313
---------------------------------------------------------------------------------
---------------------------------------------------------------------------------
Finished RTL Optimization Phase 2 : Time (s): cpu = 00:00:14 ; elapsed = 00:00:17 . Memory (MB): peak = 674.945 ; gain = 412.313
---------------------------------------------------------------------------------

Report RTL Partitions: 
+-+--------------+------------+----------+
| |RTL Partition |Replication |Instances |
+-+--------------+------------+----------+
+-+--------------+------------+----------+
---------------------------------------------------------------------------------
Start RTL Component Statistics 
---------------------------------------------------------------------------------
Detailed RTL Component Info : 
+---Adders : 
	   2 Input     32 Bit       Adders := 2     
+---Registers : 
	               32 Bit    Registers := 2     
	               22 Bit    Registers := 1     
	                2 Bit    Registers := 2     
	                1 Bit    Registers := 8     
+---Muxes : 
	   2 Input     32 Bit        Muxes := 3     
	   4 Input     32 Bit        Muxes := 1     
	   2 Input     22 Bit        Muxes := 1     
	   4 Input      2 Bit        Muxes := 1     
	   2 Input      1 Bit        Muxes := 3     
	   4 Input      1 Bit        Muxes := 1     
	   5 Input      1 Bit        Muxes := 1     
---------------------------------------------------------------------------------
Finished RTL Component Statistics 
---------------------------------------------------------------------------------
---------------------------------------------------------------------------------
Start RTL Hierarchical Component Statistics 
---------------------------------------------------------------------------------
Hierarchical RTL Component report 
Module trigger_pulse_generator 
Detailed RTL Component Info : 
+---Adders : 
	   2 Input     32 Bit       Adders := 1     
+---Registers : 
	               32 Bit    Registers := 1     
	                1 Bit    Registers := 2     
+---Muxes : 
	   2 Input     32 Bit        Muxes := 2     
	   2 Input      1 Bit        Muxes := 1     
Module echo_pulse_measurer 
Detailed RTL Component Info : 
+---Adders : 
	   2 Input     32 Bit       Adders := 1     
+---Registers : 
	               32 Bit    Registers := 1     
	               22 Bit    Registers := 1     
	                2 Bit    Registers := 2     
	                1 Bit    Registers := 6     
+---Muxes : 
	   2 Input     32 Bit        Muxes := 1     
	   4 Input     32 Bit        Muxes := 1     
	   2 Input     22 Bit        Muxes := 1     
	   4 Input      2 Bit        Muxes := 1     
	   4 Input      1 Bit        Muxes := 1     
	   2 Input      1 Bit        Muxes := 2     
	   5 Input      1 Bit        Muxes := 1     
---------------------------------------------------------------------------------
Finished RTL Hierarchical Component Statistics
---------------------------------------------------------------------------------
---------------------------------------------------------------------------------
Start Part Resource Summary
---------------------------------------------------------------------------------
Part Resources:
DSPs: 80 (col length:40)
BRAMs: 120 (col length: RAMB18 40 RAMB36 20)
---------------------------------------------------------------------------------
Finished Part Resource Summary
---------------------------------------------------------------------------------
---------------------------------------------------------------------------------
Start Cross Boundary and Area Optimization
---------------------------------------------------------------------------------
INFO: [Synth 8-4471] merging register 'U0/trigger_pulse_generator_inst/enable_reg' into 'U0/echo_pulse_measurer_inst/enable_reg' [s:/4-19-21/src/ipshared/821e/src/trigger_pulse_generator.vhd:44]
WARNING: [Synth 8-6014] Unused sequential element U0/trigger_pulse_generator_inst/enable_reg was removed.  [s:/4-19-21/src/ipshared/821e/src/trigger_pulse_generator.vhd:44]
INFO: [Synth 8-3332] Sequential element (U0/echo_pulse_measurer_inst/current_clock_count_reg[31]) is unused and will be removed from module design_1_echo_pulse_measurer_1_0.
INFO: [Synth 8-3332] Sequential element (U0/echo_pulse_measurer_inst/current_clock_count_reg[30]) is unused and will be removed from module design_1_echo_pulse_measurer_1_0.
INFO: [Synth 8-3332] Sequential element (U0/echo_pulse_measurer_inst/current_clock_count_reg[29]) is unused and will be removed from module design_1_echo_pulse_measurer_1_0.
INFO: [Synth 8-3332] Sequential element (U0/echo_pulse_measurer_inst/current_clock_count_reg[28]) is unused and will be removed from module design_1_echo_pulse_measurer_1_0.
INFO: [Synth 8-3332] Sequential element (U0/echo_pulse_measurer_inst/current_clock_count_reg[27]) is unused and will be removed from module design_1_echo_pulse_measurer_1_0.
INFO: [Synth 8-3332] Sequential element (U0/echo_pulse_measurer_inst/current_clock_count_reg[26]) is unused and will be removed from module design_1_echo_pulse_measurer_1_0.
INFO: [Synth 8-3332] Sequential element (U0/echo_pulse_measurer_inst/current_clock_count_reg[25]) is unused and will be removed from module design_1_echo_pulse_measurer_1_0.
INFO: [Synth 8-3332] Sequential element (U0/echo_pulse_measurer_inst/current_clock_count_reg[24]) is unused and will be removed from module design_1_echo_pulse_measurer_1_0.
INFO: [Synth 8-3332] Sequential element (U0/echo_pulse_measurer_inst/current_clock_count_reg[23]) is unused and will be removed from module design_1_echo_pulse_measurer_1_0.
INFO: [Synth 8-3332] Sequential element (U0/echo_pulse_measurer_inst/current_clock_count_reg[22]) is unused and will be removed from module design_1_echo_pulse_measurer_1_0.
---------------------------------------------------------------------------------
Finished Cross Boundary and Area Optimization : Time (s): cpu = 00:00:15 ; elapsed = 00:00:17 . Memory (MB): peak = 674.945 ; gain = 412.313
---------------------------------------------------------------------------------

Report RTL Partitions: 
+-+--------------+------------+----------+
| |RTL Partition |Replication |Instances |
+-+--------------+------------+----------+
+-+--------------+------------+----------+
---------------------------------------------------------------------------------
Start Applying XDC Timing Constraints
---------------------------------------------------------------------------------
---------------------------------------------------------------------------------
Finished Applying XDC Timing Constraints : Time (s): cpu = 00:00:26 ; elapsed = 00:00:29 . Memory (MB): peak = 674.945 ; gain = 412.313
---------------------------------------------------------------------------------
---------------------------------------------------------------------------------
Start Timing Optimization
---------------------------------------------------------------------------------
---------------------------------------------------------------------------------
Finished Timing Optimization : Time (s): cpu = 00:00:26 ; elapsed = 00:00:29 . Memory (MB): peak = 674.945 ; gain = 412.313
---------------------------------------------------------------------------------

Report RTL Partitions: 
+-+--------------+------------+----------+
| |RTL Partition |Replication |Instances |
+-+--------------+------------+----------+
+-+--------------+------------+----------+
---------------------------------------------------------------------------------
Start Technology Mapping
---------------------------------------------------------------------------------
---------------------------------------------------------------------------------
Finished Technology Mapping : Time (s): cpu = 00:00:26 ; elapsed = 00:00:29 . Memory (MB): peak = 674.945 ; gain = 412.313
---------------------------------------------------------------------------------

Report RTL Partitions: 
+-+--------------+------------+----------+
| |RTL Partition |Replication |Instances |
+-+--------------+------------+----------+
+-+--------------+------------+----------+
---------------------------------------------------------------------------------
Start IO Insertion
---------------------------------------------------------------------------------
---------------------------------------------------------------------------------
Start Flattening Before IO Insertion
---------------------------------------------------------------------------------
---------------------------------------------------------------------------------
Finished Flattening Before IO Insertion
---------------------------------------------------------------------------------
---------------------------------------------------------------------------------
Start Final Netlist Cleanup
---------------------------------------------------------------------------------
---------------------------------------------------------------------------------
Finished Final Netlist Cleanup
---------------------------------------------------------------------------------
---------------------------------------------------------------------------------
Finished IO Insertion : Time (s): cpu = 00:00:27 ; elapsed = 00:00:30 . Memory (MB): peak = 674.945 ; gain = 412.313
---------------------------------------------------------------------------------

Report Check Netlist: 
+------+------------------+-------+---------+-------+------------------+
|      |Item              |Errors |Warnings |Status |Description       |
+------+------------------+-------+---------+-------+------------------+
|1     |multi_driven_nets |      0|        0|Passed |Multi driven nets |
+------+------------------+-------+---------+-------+------------------+
---------------------------------------------------------------------------------
Start Renaming Generated Instances
---------------------------------------------------------------------------------
---------------------------------------------------------------------------------
Finished Renaming Generated Instances : Time (s): cpu = 00:00:27 ; elapsed = 00:00:30 . Memory (MB): peak = 674.945 ; gain = 412.313
---------------------------------------------------------------------------------

Report RTL Partitions: 
+-+--------------+------------+----------+
| |RTL Partition |Replication |Instances |
+-+--------------+------------+----------+
+-+--------------+------------+----------+
---------------------------------------------------------------------------------
Start Rebuilding User Hierarchy
---------------------------------------------------------------------------------
---------------------------------------------------------------------------------
Finished Rebuilding User Hierarchy : Time (s): cpu = 00:00:27 ; elapsed = 00:00:30 . Memory (MB): peak = 674.945 ; gain = 412.313
---------------------------------------------------------------------------------
---------------------------------------------------------------------------------
Start Renaming Generated Ports
---------------------------------------------------------------------------------
---------------------------------------------------------------------------------
Finished Renaming Generated Ports : Time (s): cpu = 00:00:27 ; elapsed = 00:00:30 . Memory (MB): peak = 674.945 ; gain = 412.313
---------------------------------------------------------------------------------
---------------------------------------------------------------------------------
Start Handling Custom Attributes
---------------------------------------------------------------------------------
---------------------------------------------------------------------------------
Finished Handling Custom Attributes : Time (s): cpu = 00:00:27 ; elapsed = 00:00:30 . Memory (MB): peak = 674.945 ; gain = 412.313
---------------------------------------------------------------------------------
---------------------------------------------------------------------------------
Start Renaming Generated Nets
---------------------------------------------------------------------------------
---------------------------------------------------------------------------------
Finished Renaming Generated Nets : Time (s): cpu = 00:00:27 ; elapsed = 00:00:30 . Memory (MB): peak = 674.945 ; gain = 412.313
---------------------------------------------------------------------------------
---------------------------------------------------------------------------------
Start Writing Synthesis Report
---------------------------------------------------------------------------------

Report BlackBoxes: 
+-+--------------+----------+
| |BlackBox name |Instances |
+-+--------------+----------+
+-+--------------+----------+

Report Cell Usage: 
+------+-------+------+
|      |Cell   |Count |
+------+-------+------+
|1     |CARRY4 |    22|
|2     |LUT1   |    56|
|3     |LUT2   |    62|
|4     |LUT3   |    57|
|5     |LUT6   |     2|
|6     |FDCE   |    87|
+------+-------+------+

Report Instance Areas: 
+------+---------------------------------+------------------------+------+
|      |Instance                         |Module                  |Cells |
+------+---------------------------------+------------------------+------+
|1     |top                              |                        |   286|
|2     |  U0                             |sensor_reader_top       |   286|
|3     |    echo_pulse_measurer_inst     |echo_pulse_measurer     |   134|
|4     |    trigger_pulse_generator_inst |trigger_pulse_generator |   152|
+------+---------------------------------+------------------------+------+
---------------------------------------------------------------------------------
Finished Writing Synthesis Report : Time (s): cpu = 00:00:27 ; elapsed = 00:00:30 . Memory (MB): peak = 674.945 ; gain = 412.313
---------------------------------------------------------------------------------
Synthesis finished with 0 errors, 0 critical warnings and 1 warnings.
Synthesis Optimization Runtime : Time (s): cpu = 00:00:16 ; elapsed = 00:00:23 . Memory (MB): peak = 674.945 ; gain = 120.031
Synthesis Optimization Complete : Time (s): cpu = 00:00:27 ; elapsed = 00:00:30 . Memory (MB): peak = 674.945 ; gain = 412.313
INFO: [Project 1-571] Translating synthesized netlist
INFO: [Netlist 29-17] Analyzing 22 Unisim elements for replacement
INFO: [Netlist 29-28] Unisim Transformation completed in 0 CPU seconds
INFO: [Project 1-570] Preparing netlist for logic optimization
INFO: [Opt 31-138] Pushed 0 inverter(s) to 0 load pin(s).
INFO: [Project 1-111] Unisim Transformation Summary:
No Unisim elements were transformed.

32 Infos, 1 Warnings, 0 Critical Warnings and 0 Errors encountered.
synth_design completed successfully
synth_design: Time (s): cpu = 00:00:29 ; elapsed = 00:00:32 . Memory (MB): peak = 674.945 ; gain = 413.934
INFO: [Common 17-1381] The checkpoint 'S:/4-19-21/project/newfolder_sys.runs/design_1_echo_pulse_measurer_1_0_synth_1/design_1_echo_pulse_measurer_1_0.dcp' has been generated.
INFO: [Coretcl 2-1486] Found existing duplicate IP cache entry 2ffe4cddf4a7ee88, use '-force' option to overwrite
INFO: [Coretcl 2-1174] Renamed 3 cell refs.
INFO: [Common 17-1381] The checkpoint 'S:/4-19-21/project/newfolder_sys.runs/design_1_echo_pulse_measurer_1_0_synth_1/design_1_echo_pulse_measurer_1_0.dcp' has been generated.
report_utilization: Time (s): cpu = 00:00:00 ; elapsed = 00:00:00.034 . Memory (MB): peak = 674.945 ; gain = 0.000
INFO: [Common 17-206] Exiting Vivado at Thu Apr 26 17:37:26 2018...
