
*** Running vivado
    with args -log design_1_wrapper.vdi -applog -m64 -product Vivado -messageDb vivado.pb -mode batch -source design_1_wrapper.tcl -notrace


****** Vivado v2017.2 (64-bit)
  **** SW Build 1909853 on Thu Jun 15 18:39:09 MDT 2017
  **** IP Build 1909766 on Thu Jun 15 19:58:00 MDT 2017
    ** Copyright 1986-2017 Xilinx, Inc. All Rights Reserved.

source design_1_wrapper.tcl -notrace
INFO: [IP_Flow 19-234] Refreshing IP repositories
INFO: [IP_Flow 19-1700] Loaded user IP repository 's:/4-19-21/ip'.
INFO: [IP_Flow 19-2313] Loaded Vivado IP repository 'C:/Xilinx/Vivado/2017.2/data/ip'.
CRITICAL WARNING: [filemgmt 20-1440] File 's:/4-19-21/src/ip/design_1_imu_wrapper_0_0/imu.edn' already exists in the project as a part of sub-design file 'S:/4-19-21/src/ip/design_1_imu_wrapper_0_0/design_1_imu_wrapper_0_0.xci'. Explicitly adding the file outside the scope of the sub-design can lead to unintended behaviors and is not recommended.
Design is defaulting to srcset: sources_1
Design is defaulting to constrset: constrs_1
INFO: [Project 1-454] Reading design checkpoint 's:/4-19-21/src/ip/design_1_echo_pulse_measurer_0_0/design_1_echo_pulse_measurer_0_0.dcp' for cell 'design_1_i/echo_pulse_measurer_0'
INFO: [Project 1-454] Reading design checkpoint 's:/4-19-21/src/ip/design_1_echo_pulse_measurer_1_0/design_1_echo_pulse_measurer_1_0.dcp' for cell 'design_1_i/echo_pulse_measurer_1'
INFO: [Project 1-454] Reading design checkpoint 's:/4-19-21/src/ip/design_1_echo_pulse_measurer_2_0/design_1_echo_pulse_measurer_2_0.dcp' for cell 'design_1_i/echo_pulse_measurer_2'
INFO: [Project 1-454] Reading design checkpoint 's:/4-19-21/src/ip/design_1_encoder_reader_top_0_0/design_1_encoder_reader_top_0_0.dcp' for cell 'design_1_i/encoder_reader_top_0'
INFO: [Project 1-454] Reading design checkpoint 's:/4-19-21/src/ip/design_1_encoder_reader_top_1_0/design_1_encoder_reader_top_1_0.dcp' for cell 'design_1_i/encoder_reader_top_1'
INFO: [Project 1-454] Reading design checkpoint 's:/4-19-21/src/ip/design_1_encoder_reader_top_2_0/design_1_encoder_reader_top_2_0.dcp' for cell 'design_1_i/encoder_reader_top_2'
INFO: [Project 1-454] Reading design checkpoint 's:/4-19-21/src/ip/design_1_encoder_reader_top_3_0/design_1_encoder_reader_top_3_0.dcp' for cell 'design_1_i/encoder_reader_top_3'
INFO: [Project 1-454] Reading design checkpoint 's:/4-19-21/src/ip/design_1_imu_wrapper_0_0/design_1_imu_wrapper_0_0.dcp' for cell 'design_1_i/imu_wrapper_0'
INFO: [Project 1-454] Reading design checkpoint 's:/4-19-21/src/ip/design_1_led_axi_0_0/design_1_led_axi_0_0.dcp' for cell 'design_1_i/led_axi_0'
INFO: [Project 1-454] Reading design checkpoint 's:/4-19-21/src/ip/design_1_led_error_0_0/design_1_led_error_0_0.dcp' for cell 'design_1_i/led_error_0'
INFO: [Project 1-454] Reading design checkpoint 's:/4-19-21/src/ip/design_1_led_error_1_0/design_1_led_error_1_0.dcp' for cell 'design_1_i/led_error_1'
INFO: [Project 1-454] Reading design checkpoint 's:/4-19-21/src/ip/design_1_led_error_2_0/design_1_led_error_2_0.dcp' for cell 'design_1_i/led_error_2'
INFO: [Project 1-454] Reading design checkpoint 's:/4-19-21/src/ip/design_1_motor_axi_0_0/design_1_motor_axi_0_0.dcp' for cell 'design_1_i/motor_axi_0'
INFO: [Project 1-454] Reading design checkpoint 's:/4-19-21/src/ip/design_1_processing_system7_0_0/design_1_processing_system7_0_0.dcp' for cell 'design_1_i/processing_system7_0'
INFO: [Project 1-454] Reading design checkpoint 's:/4-19-21/src/ip/design_1_pwm_generator_0_0/design_1_pwm_generator_0_0.dcp' for cell 'design_1_i/pwm_generator_0'
INFO: [Project 1-454] Reading design checkpoint 's:/4-19-21/src/ip/design_1_pwm_generator_1_0/design_1_pwm_generator_1_0.dcp' for cell 'design_1_i/pwm_generator_1'
INFO: [Project 1-454] Reading design checkpoint 's:/4-19-21/src/ip/design_1_pwm_generator_2_0/design_1_pwm_generator_2_0.dcp' for cell 'design_1_i/pwm_generator_2'
INFO: [Project 1-454] Reading design checkpoint 's:/4-19-21/src/ip/design_1_pwm_generator_3_0/design_1_pwm_generator_3_0.dcp' for cell 'design_1_i/pwm_generator_3'
INFO: [Project 1-454] Reading design checkpoint 's:/4-19-21/src/ip/design_1_rst_ps7_0_50M_0/design_1_rst_ps7_0_50M_0.dcp' for cell 'design_1_i/rst_ps7_0_50M'
INFO: [Project 1-454] Reading design checkpoint 's:/4-19-21/src/ip/design_1_ultrasonic_sensor_axi_0_0/design_1_ultrasonic_sensor_axi_0_0.dcp' for cell 'design_1_i/ultrasonic_sensor_axi_0'
INFO: [Project 1-454] Reading design checkpoint 's:/4-19-21/src/ip/design_1_xbar_0/design_1_xbar_0.dcp' for cell 'design_1_i/ps7_0_axi_periph/xbar'
INFO: [Project 1-454] Reading design checkpoint 's:/4-19-21/src/ip/design_1_auto_pc_0/design_1_auto_pc_0.dcp' for cell 'design_1_i/ps7_0_axi_periph/s00_couplers/auto_pc'
INFO: [Netlist 29-17] Analyzing 323 Unisim elements for replacement
INFO: [Netlist 29-28] Unisim Transformation completed in 0 CPU seconds
INFO: [Project 1-479] Netlist was created with Vivado 2017.2
INFO: [Device 21-403] Loading part xc7z010clg400-1
INFO: [Project 1-570] Preparing netlist for logic optimization
WARNING: [Opt 31-35] Removing redundant IBUF, design_1_i/imu_wrapper_0/U0/imu_blackbox_i/m00_iic_scl_i_IBUF_inst, from the path connected to top-level port: mpu9250_2_scl_io 
Resolution: The tool has removed redundant IBUF. To resolve this warning, check for redundant IBUF in the input design.
WARNING: [Opt 31-35] Removing redundant IBUF, design_1_i/imu_wrapper_0/U0/imu_blackbox_i/m00_iic_sda_i_IBUF_inst, from the path connected to top-level port: mpu9250_2_sda_io 
Resolution: The tool has removed redundant IBUF. To resolve this warning, check for redundant IBUF in the input design.
WARNING: [Opt 31-32] Removing redundant IBUF since it is not being driven by a top-level port. design_1_i/imu_wrapper_0/U0/imu_blackbox_i/s00_axi_aclk_IBUF_inst 
Resolution: The tool has removed redundant IBUF. To resolve this warning, check for redundant IBUF in the input design.
WARNING: [Opt 31-32] Removing redundant IBUF since it is not being driven by a top-level port. design_1_i/imu_wrapper_0/U0/imu_blackbox_i/s00_axi_araddr_IBUF[0]_inst 
Resolution: The tool has removed redundant IBUF. To resolve this warning, check for redundant IBUF in the input design.
WARNING: [Opt 31-32] Removing redundant IBUF since it is not being driven by a top-level port. design_1_i/imu_wrapper_0/U0/imu_blackbox_i/s00_axi_araddr_IBUF[1]_inst 
Resolution: The tool has removed redundant IBUF. To resolve this warning, check for redundant IBUF in the input design.
WARNING: [Opt 31-32] Removing redundant IBUF since it is not being driven by a top-level port. design_1_i/imu_wrapper_0/U0/imu_blackbox_i/s00_axi_araddr_IBUF[2]_inst 
Resolution: The tool has removed redundant IBUF. To resolve this warning, check for redundant IBUF in the input design.
WARNING: [Opt 31-32] Removing redundant IBUF since it is not being driven by a top-level port. design_1_i/imu_wrapper_0/U0/imu_blackbox_i/s00_axi_araddr_IBUF[3]_inst 
Resolution: The tool has removed redundant IBUF. To resolve this warning, check for redundant IBUF in the input design.
WARNING: [Opt 31-32] Removing redundant IBUF since it is not being driven by a top-level port. design_1_i/imu_wrapper_0/U0/imu_blackbox_i/s00_axi_araddr_IBUF[4]_inst 
Resolution: The tool has removed redundant IBUF. To resolve this warning, check for redundant IBUF in the input design.
WARNING: [Opt 31-32] Removing redundant IBUF since it is not being driven by a top-level port. design_1_i/imu_wrapper_0/U0/imu_blackbox_i/s00_axi_araddr_IBUF[5]_inst 
Resolution: The tool has removed redundant IBUF. To resolve this warning, check for redundant IBUF in the input design.
WARNING: [Opt 31-32] Removing redundant IBUF since it is not being driven by a top-level port. design_1_i/imu_wrapper_0/U0/imu_blackbox_i/s00_axi_araddr_IBUF[6]_inst 
Resolution: The tool has removed redundant IBUF. To resolve this warning, check for redundant IBUF in the input design.
WARNING: [Opt 31-32] Removing redundant IBUF since it is not being driven by a top-level port. design_1_i/imu_wrapper_0/U0/imu_blackbox_i/s00_axi_araddr_IBUF[7]_inst 
Resolution: The tool has removed redundant IBUF. To resolve this warning, check for redundant IBUF in the input design.
WARNING: [Opt 31-32] Removing redundant IBUF since it is not being driven by a top-level port. design_1_i/imu_wrapper_0/U0/imu_blackbox_i/s00_axi_aresetn_IBUF_inst 
Resolution: The tool has removed redundant IBUF. To resolve this warning, check for redundant IBUF in the input design.
WARNING: [Opt 31-32] Removing redundant IBUF since it is not being driven by a top-level port. design_1_i/imu_wrapper_0/U0/imu_blackbox_i/s00_axi_arprot_IBUF[0]_inst 
Resolution: The tool has removed redundant IBUF. To resolve this warning, check for redundant IBUF in the input design.
WARNING: [Opt 31-32] Removing redundant IBUF since it is not being driven by a top-level port. design_1_i/imu_wrapper_0/U0/imu_blackbox_i/s00_axi_arprot_IBUF[1]_inst 
Resolution: The tool has removed redundant IBUF. To resolve this warning, check for redundant IBUF in the input design.
WARNING: [Opt 31-32] Removing redundant IBUF since it is not being driven by a top-level port. design_1_i/imu_wrapper_0/U0/imu_blackbox_i/s00_axi_arprot_IBUF[2]_inst 
Resolution: The tool has removed redundant IBUF. To resolve this warning, check for redundant IBUF in the input design.
WARNING: [Opt 31-32] Removing redundant IBUF since it is not being driven by a top-level port. design_1_i/imu_wrapper_0/U0/imu_blackbox_i/s00_axi_arvalid_IBUF_inst 
Resolution: The tool has removed redundant IBUF. To resolve this warning, check for redundant IBUF in the input design.
WARNING: [Opt 31-32] Removing redundant IBUF since it is not being driven by a top-level port. design_1_i/imu_wrapper_0/U0/imu_blackbox_i/s00_axi_awaddr_IBUF[0]_inst 
Resolution: The tool has removed redundant IBUF. To resolve this warning, check for redundant IBUF in the input design.
WARNING: [Opt 31-32] Removing redundant IBUF since it is not being driven by a top-level port. design_1_i/imu_wrapper_0/U0/imu_blackbox_i/s00_axi_awaddr_IBUF[1]_inst 
Resolution: The tool has removed redundant IBUF. To resolve this warning, check for redundant IBUF in the input design.
WARNING: [Opt 31-32] Removing redundant IBUF since it is not being driven by a top-level port. design_1_i/imu_wrapper_0/U0/imu_blackbox_i/s00_axi_awaddr_IBUF[2]_inst 
Resolution: The tool has removed redundant IBUF. To resolve this warning, check for redundant IBUF in the input design.
WARNING: [Opt 31-32] Removing redundant IBUF since it is not being driven by a top-level port. design_1_i/imu_wrapper_0/U0/imu_blackbox_i/s00_axi_awaddr_IBUF[3]_inst 
Resolution: The tool has removed redundant IBUF. To resolve this warning, check for redundant IBUF in the input design.
WARNING: [Opt 31-32] Removing redundant IBUF since it is not being driven by a top-level port. design_1_i/imu_wrapper_0/U0/imu_blackbox_i/s00_axi_awaddr_IBUF[4]_inst 
Resolution: The tool has removed redundant IBUF. To resolve this warning, check for redundant IBUF in the input design.
WARNING: [Opt 31-32] Removing redundant IBUF since it is not being driven by a top-level port. design_1_i/imu_wrapper_0/U0/imu_blackbox_i/s00_axi_awaddr_IBUF[5]_inst 
Resolution: The tool has removed redundant IBUF. To resolve this warning, check for redundant IBUF in the input design.
WARNING: [Opt 31-32] Removing redundant IBUF since it is not being driven by a top-level port. design_1_i/imu_wrapper_0/U0/imu_blackbox_i/s00_axi_awaddr_IBUF[6]_inst 
Resolution: The tool has removed redundant IBUF. To resolve this warning, check for redundant IBUF in the input design.
WARNING: [Opt 31-32] Removing redundant IBUF since it is not being driven by a top-level port. design_1_i/imu_wrapper_0/U0/imu_blackbox_i/s00_axi_awaddr_IBUF[7]_inst 
Resolution: The tool has removed redundant IBUF. To resolve this warning, check for redundant IBUF in the input design.
WARNING: [Opt 31-32] Removing redundant IBUF since it is not being driven by a top-level port. design_1_i/imu_wrapper_0/U0/imu_blackbox_i/s00_axi_awprot_IBUF[0]_inst 
Resolution: The tool has removed redundant IBUF. To resolve this warning, check for redundant IBUF in the input design.
WARNING: [Opt 31-32] Removing redundant IBUF since it is not being driven by a top-level port. design_1_i/imu_wrapper_0/U0/imu_blackbox_i/s00_axi_awprot_IBUF[1]_inst 
Resolution: The tool has removed redundant IBUF. To resolve this warning, check for redundant IBUF in the input design.
WARNING: [Opt 31-32] Removing redundant IBUF since it is not being driven by a top-level port. design_1_i/imu_wrapper_0/U0/imu_blackbox_i/s00_axi_awprot_IBUF[2]_inst 
Resolution: The tool has removed redundant IBUF. To resolve this warning, check for redundant IBUF in the input design.
WARNING: [Opt 31-32] Removing redundant IBUF since it is not being driven by a top-level port. design_1_i/imu_wrapper_0/U0/imu_blackbox_i/s00_axi_awvalid_IBUF_inst 
Resolution: The tool has removed redundant IBUF. To resolve this warning, check for redundant IBUF in the input design.
WARNING: [Opt 31-32] Removing redundant IBUF since it is not being driven by a top-level port. design_1_i/imu_wrapper_0/U0/imu_blackbox_i/s00_axi_bready_IBUF_inst 
Resolution: The tool has removed redundant IBUF. To resolve this warning, check for redundant IBUF in the input design.
WARNING: [Opt 31-32] Removing redundant IBUF since it is not being driven by a top-level port. design_1_i/imu_wrapper_0/U0/imu_blackbox_i/s00_axi_rready_IBUF_inst 
Resolution: The tool has removed redundant IBUF. To resolve this warning, check for redundant IBUF in the input design.
WARNING: [Opt 31-32] Removing redundant IBUF since it is not being driven by a top-level port. design_1_i/imu_wrapper_0/U0/imu_blackbox_i/s00_axi_wdata_IBUF[0]_inst 
Resolution: The tool has removed redundant IBUF. To resolve this warning, check for redundant IBUF in the input design.
WARNING: [Opt 31-32] Removing redundant IBUF since it is not being driven by a top-level port. design_1_i/imu_wrapper_0/U0/imu_blackbox_i/s00_axi_wdata_IBUF[10]_inst 
Resolution: The tool has removed redundant IBUF. To resolve this warning, check for redundant IBUF in the input design.
WARNING: [Opt 31-32] Removing redundant IBUF since it is not being driven by a top-level port. design_1_i/imu_wrapper_0/U0/imu_blackbox_i/s00_axi_wdata_IBUF[11]_inst 
Resolution: The tool has removed redundant IBUF. To resolve this warning, check for redundant IBUF in the input design.
WARNING: [Opt 31-32] Removing redundant IBUF since it is not being driven by a top-level port. design_1_i/imu_wrapper_0/U0/imu_blackbox_i/s00_axi_wdata_IBUF[12]_inst 
Resolution: The tool has removed redundant IBUF. To resolve this warning, check for redundant IBUF in the input design.
WARNING: [Opt 31-32] Removing redundant IBUF since it is not being driven by a top-level port. design_1_i/imu_wrapper_0/U0/imu_blackbox_i/s00_axi_wdata_IBUF[13]_inst 
Resolution: The tool has removed redundant IBUF. To resolve this warning, check for redundant IBUF in the input design.
WARNING: [Opt 31-32] Removing redundant IBUF since it is not being driven by a top-level port. design_1_i/imu_wrapper_0/U0/imu_blackbox_i/s00_axi_wdata_IBUF[14]_inst 
Resolution: The tool has removed redundant IBUF. To resolve this warning, check for redundant IBUF in the input design.
WARNING: [Opt 31-32] Removing redundant IBUF since it is not being driven by a top-level port. design_1_i/imu_wrapper_0/U0/imu_blackbox_i/s00_axi_wdata_IBUF[15]_inst 
Resolution: The tool has removed redundant IBUF. To resolve this warning, check for redundant IBUF in the input design.
WARNING: [Opt 31-32] Removing redundant IBUF since it is not being driven by a top-level port. design_1_i/imu_wrapper_0/U0/imu_blackbox_i/s00_axi_wdata_IBUF[16]_inst 
Resolution: The tool has removed redundant IBUF. To resolve this warning, check for redundant IBUF in the input design.
WARNING: [Opt 31-32] Removing redundant IBUF since it is not being driven by a top-level port. design_1_i/imu_wrapper_0/U0/imu_blackbox_i/s00_axi_wdata_IBUF[17]_inst 
Resolution: The tool has removed redundant IBUF. To resolve this warning, check for redundant IBUF in the input design.
WARNING: [Opt 31-32] Removing redundant IBUF since it is not being driven by a top-level port. design_1_i/imu_wrapper_0/U0/imu_blackbox_i/s00_axi_wdata_IBUF[18]_inst 
Resolution: The tool has removed redundant IBUF. To resolve this warning, check for redundant IBUF in the input design.
WARNING: [Opt 31-32] Removing redundant IBUF since it is not being driven by a top-level port. design_1_i/imu_wrapper_0/U0/imu_blackbox_i/s00_axi_wdata_IBUF[19]_inst 
Resolution: The tool has removed redundant IBUF. To resolve this warning, check for redundant IBUF in the input design.
WARNING: [Opt 31-32] Removing redundant IBUF since it is not being driven by a top-level port. design_1_i/imu_wrapper_0/U0/imu_blackbox_i/s00_axi_wdata_IBUF[1]_inst 
Resolution: The tool has removed redundant IBUF. To resolve this warning, check for redundant IBUF in the input design.
WARNING: [Opt 31-32] Removing redundant IBUF since it is not being driven by a top-level port. design_1_i/imu_wrapper_0/U0/imu_blackbox_i/s00_axi_wdata_IBUF[20]_inst 
Resolution: The tool has removed redundant IBUF. To resolve this warning, check for redundant IBUF in the input design.
WARNING: [Opt 31-32] Removing redundant IBUF since it is not being driven by a top-level port. design_1_i/imu_wrapper_0/U0/imu_blackbox_i/s00_axi_wdata_IBUF[21]_inst 
Resolution: The tool has removed redundant IBUF. To resolve this warning, check for redundant IBUF in the input design.
WARNING: [Opt 31-32] Removing redundant IBUF since it is not being driven by a top-level port. design_1_i/imu_wrapper_0/U0/imu_blackbox_i/s00_axi_wdata_IBUF[22]_inst 
Resolution: The tool has removed redundant IBUF. To resolve this warning, check for redundant IBUF in the input design.
WARNING: [Opt 31-32] Removing redundant IBUF since it is not being driven by a top-level port. design_1_i/imu_wrapper_0/U0/imu_blackbox_i/s00_axi_wdata_IBUF[23]_inst 
Resolution: The tool has removed redundant IBUF. To resolve this warning, check for redundant IBUF in the input design.
WARNING: [Opt 31-32] Removing redundant IBUF since it is not being driven by a top-level port. design_1_i/imu_wrapper_0/U0/imu_blackbox_i/s00_axi_wdata_IBUF[24]_inst 
Resolution: The tool has removed redundant IBUF. To resolve this warning, check for redundant IBUF in the input design.
WARNING: [Opt 31-32] Removing redundant IBUF since it is not being driven by a top-level port. design_1_i/imu_wrapper_0/U0/imu_blackbox_i/s00_axi_wdata_IBUF[25]_inst 
Resolution: The tool has removed redundant IBUF. To resolve this warning, check for redundant IBUF in the input design.
WARNING: [Opt 31-32] Removing redundant IBUF since it is not being driven by a top-level port. design_1_i/imu_wrapper_0/U0/imu_blackbox_i/s00_axi_wdata_IBUF[26]_inst 
Resolution: The tool has removed redundant IBUF. To resolve this warning, check for redundant IBUF in the input design.
WARNING: [Opt 31-32] Removing redundant IBUF since it is not being driven by a top-level port. design_1_i/imu_wrapper_0/U0/imu_blackbox_i/s00_axi_wdata_IBUF[27]_inst 
Resolution: The tool has removed redundant IBUF. To resolve this warning, check for redundant IBUF in the input design.
WARNING: [Opt 31-32] Removing redundant IBUF since it is not being driven by a top-level port. design_1_i/imu_wrapper_0/U0/imu_blackbox_i/s00_axi_wdata_IBUF[28]_inst 
Resolution: The tool has removed redundant IBUF. To resolve this warning, check for redundant IBUF in the input design.
WARNING: [Opt 31-32] Removing redundant IBUF since it is not being driven by a top-level port. design_1_i/imu_wrapper_0/U0/imu_blackbox_i/s00_axi_wdata_IBUF[29]_inst 
Resolution: The tool has removed redundant IBUF. To resolve this warning, check for redundant IBUF in the input design.
WARNING: [Opt 31-32] Removing redundant IBUF since it is not being driven by a top-level port. design_1_i/imu_wrapper_0/U0/imu_blackbox_i/s00_axi_wdata_IBUF[2]_inst 
Resolution: The tool has removed redundant IBUF. To resolve this warning, check for redundant IBUF in the input design.
WARNING: [Opt 31-32] Removing redundant IBUF since it is not being driven by a top-level port. design_1_i/imu_wrapper_0/U0/imu_blackbox_i/s00_axi_wdata_IBUF[30]_inst 
Resolution: The tool has removed redundant IBUF. To resolve this warning, check for redundant IBUF in the input design.
WARNING: [Opt 31-32] Removing redundant IBUF since it is not being driven by a top-level port. design_1_i/imu_wrapper_0/U0/imu_blackbox_i/s00_axi_wdata_IBUF[31]_inst 
Resolution: The tool has removed redundant IBUF. To resolve this warning, check for redundant IBUF in the input design.
WARNING: [Opt 31-32] Removing redundant IBUF since it is not being driven by a top-level port. design_1_i/imu_wrapper_0/U0/imu_blackbox_i/s00_axi_wdata_IBUF[3]_inst 
Resolution: The tool has removed redundant IBUF. To resolve this warning, check for redundant IBUF in the input design.
WARNING: [Opt 31-32] Removing redundant IBUF since it is not being driven by a top-level port. design_1_i/imu_wrapper_0/U0/imu_blackbox_i/s00_axi_wdata_IBUF[4]_inst 
Resolution: The tool has removed redundant IBUF. To resolve this warning, check for redundant IBUF in the input design.
WARNING: [Opt 31-32] Removing redundant IBUF since it is not being driven by a top-level port. design_1_i/imu_wrapper_0/U0/imu_blackbox_i/s00_axi_wdata_IBUF[5]_inst 
Resolution: The tool has removed redundant IBUF. To resolve this warning, check for redundant IBUF in the input design.
WARNING: [Opt 31-32] Removing redundant IBUF since it is not being driven by a top-level port. design_1_i/imu_wrapper_0/U0/imu_blackbox_i/s00_axi_wdata_IBUF[6]_inst 
Resolution: The tool has removed redundant IBUF. To resolve this warning, check for redundant IBUF in the input design.
WARNING: [Opt 31-32] Removing redundant IBUF since it is not being driven by a top-level port. design_1_i/imu_wrapper_0/U0/imu_blackbox_i/s00_axi_wdata_IBUF[7]_inst 
Resolution: The tool has removed redundant IBUF. To resolve this warning, check for redundant IBUF in the input design.
WARNING: [Opt 31-32] Removing redundant IBUF since it is not being driven by a top-level port. design_1_i/imu_wrapper_0/U0/imu_blackbox_i/s00_axi_wdata_IBUF[8]_inst 
Resolution: The tool has removed redundant IBUF. To resolve this warning, check for redundant IBUF in the input design.
WARNING: [Opt 31-32] Removing redundant IBUF since it is not being driven by a top-level port. design_1_i/imu_wrapper_0/U0/imu_blackbox_i/s00_axi_wdata_IBUF[9]_inst 
Resolution: The tool has removed redundant IBUF. To resolve this warning, check for redundant IBUF in the input design.
WARNING: [Opt 31-32] Removing redundant IBUF since it is not being driven by a top-level port. design_1_i/imu_wrapper_0/U0/imu_blackbox_i/s00_axi_wstrb_IBUF[0]_inst 
Resolution: The tool has removed redundant IBUF. To resolve this warning, check for redundant IBUF in the input design.
WARNING: [Opt 31-32] Removing redundant IBUF since it is not being driven by a top-level port. design_1_i/imu_wrapper_0/U0/imu_blackbox_i/s00_axi_wstrb_IBUF[1]_inst 
Resolution: The tool has removed redundant IBUF. To resolve this warning, check for redundant IBUF in the input design.
WARNING: [Opt 31-32] Removing redundant IBUF since it is not being driven by a top-level port. design_1_i/imu_wrapper_0/U0/imu_blackbox_i/s00_axi_wstrb_IBUF[2]_inst 
Resolution: The tool has removed redundant IBUF. To resolve this warning, check for redundant IBUF in the input design.
WARNING: [Opt 31-32] Removing redundant IBUF since it is not being driven by a top-level port. design_1_i/imu_wrapper_0/U0/imu_blackbox_i/s00_axi_wstrb_IBUF[3]_inst 
Resolution: The tool has removed redundant IBUF. To resolve this warning, check for redundant IBUF in the input design.
WARNING: [Opt 31-32] Removing redundant IBUF since it is not being driven by a top-level port. design_1_i/imu_wrapper_0/U0/imu_blackbox_i/s00_axi_wvalid_IBUF_inst 
Resolution: The tool has removed redundant IBUF. To resolve this warning, check for redundant IBUF in the input design.
WARNING: [Opt 31-33] Removing redundant OBUF since it is not driving a top-level port. design_1_i/imu_wrapper_0/U0/imu_blackbox_i/s00_axi_rdata_OBUF[16]_inst 
Resolution: The tool has removed redundant OBUF. To resolve this warning, check for redundant OBUF in the input design.
WARNING: [Opt 31-33] Removing redundant OBUF since it is not driving a top-level port. design_1_i/imu_wrapper_0/U0/imu_blackbox_i/m00_iic_scl_o_OBUF_inst 
Resolution: The tool has removed redundant OBUF. To resolve this warning, check for redundant OBUF in the input design.
WARNING: [Opt 31-33] Removing redundant OBUF since it is not driving a top-level port. design_1_i/imu_wrapper_0/U0/imu_blackbox_i/m00_iic_scl_t_OBUF_inst 
Resolution: The tool has removed redundant OBUF. To resolve this warning, check for redundant OBUF in the input design.
WARNING: [Opt 31-33] Removing redundant OBUF since it is not driving a top-level port. design_1_i/imu_wrapper_0/U0/imu_blackbox_i/s00_axi_rdata_OBUF[17]_inst 
Resolution: The tool has removed redundant OBUF. To resolve this warning, check for redundant OBUF in the input design.
WARNING: [Opt 31-33] Removing redundant OBUF since it is not driving a top-level port. design_1_i/imu_wrapper_0/U0/imu_blackbox_i/m00_iic_sda_o_OBUF_inst 
Resolution: The tool has removed redundant OBUF. To resolve this warning, check for redundant OBUF in the input design.
WARNING: [Opt 31-33] Removing redundant OBUF since it is not driving a top-level port. design_1_i/imu_wrapper_0/U0/imu_blackbox_i/m00_iic_sda_t_OBUF_inst 
Resolution: The tool has removed redundant OBUF. To resolve this warning, check for redundant OBUF in the input design.
WARNING: [Opt 31-33] Removing redundant OBUF since it is not driving a top-level port. design_1_i/imu_wrapper_0/U0/imu_blackbox_i/s00_axi_rdata_OBUF[18]_inst 
Resolution: The tool has removed redundant OBUF. To resolve this warning, check for redundant OBUF in the input design.
WARNING: [Opt 31-33] Removing redundant OBUF since it is not driving a top-level port. design_1_i/imu_wrapper_0/U0/imu_blackbox_i/s00_axi_rdata_OBUF[19]_inst 
Resolution: The tool has removed redundant OBUF. To resolve this warning, check for redundant OBUF in the input design.
WARNING: [Opt 31-33] Removing redundant OBUF since it is not driving a top-level port. design_1_i/imu_wrapper_0/U0/imu_blackbox_i/s00_axi_rdata_OBUF[1]_inst 
Resolution: The tool has removed redundant OBUF. To resolve this warning, check for redundant OBUF in the input design.
WARNING: [Opt 31-33] Removing redundant OBUF since it is not driving a top-level port. design_1_i/imu_wrapper_0/U0/imu_blackbox_i/s00_axi_wready_OBUF_inst 
Resolution: The tool has removed redundant OBUF. To resolve this warning, check for redundant OBUF in the input design.
WARNING: [Opt 31-33] Removing redundant OBUF since it is not driving a top-level port. design_1_i/imu_wrapper_0/U0/imu_blackbox_i/s00_axi_rdata_OBUF[20]_inst 
Resolution: The tool has removed redundant OBUF. To resolve this warning, check for redundant OBUF in the input design.
WARNING: [Opt 31-33] Removing redundant OBUF since it is not driving a top-level port. design_1_i/imu_wrapper_0/U0/imu_blackbox_i/s00_axi_rdata_OBUF[21]_inst 
Resolution: The tool has removed redundant OBUF. To resolve this warning, check for redundant OBUF in the input design.
WARNING: [Opt 31-33] Removing redundant OBUF since it is not driving a top-level port. design_1_i/imu_wrapper_0/U0/imu_blackbox_i/s00_axi_rdata_OBUF[22]_inst 
Resolution: The tool has removed redundant OBUF. To resolve this warning, check for redundant OBUF in the input design.
WARNING: [Opt 31-33] Removing redundant OBUF since it is not driving a top-level port. design_1_i/imu_wrapper_0/U0/imu_blackbox_i/s00_axi_rdata_OBUF[23]_inst 
Resolution: The tool has removed redundant OBUF. To resolve this warning, check for redundant OBUF in the input design.
WARNING: [Opt 31-33] Removing redundant OBUF since it is not driving a top-level port. design_1_i/imu_wrapper_0/U0/imu_blackbox_i/s00_axi_rdata_OBUF[24]_inst 
Resolution: The tool has removed redundant OBUF. To resolve this warning, check for redundant OBUF in the input design.
WARNING: [Opt 31-33] Removing redundant OBUF since it is not driving a top-level port. design_1_i/imu_wrapper_0/U0/imu_blackbox_i/s00_axi_rdata_OBUF[25]_inst 
Resolution: The tool has removed redundant OBUF. To resolve this warning, check for redundant OBUF in the input design.
WARNING: [Opt 31-33] Removing redundant OBUF since it is not driving a top-level port. design_1_i/imu_wrapper_0/U0/imu_blackbox_i/s00_axi_rdata_OBUF[26]_inst 
Resolution: The tool has removed redundant OBUF. To resolve this warning, check for redundant OBUF in the input design.
WARNING: [Opt 31-33] Removing redundant OBUF since it is not driving a top-level port. design_1_i/imu_wrapper_0/U0/imu_blackbox_i/s00_axi_rdata_OBUF[27]_inst 
Resolution: The tool has removed redundant OBUF. To resolve this warning, check for redundant OBUF in the input design.
WARNING: [Opt 31-33] Removing redundant OBUF since it is not driving a top-level port. design_1_i/imu_wrapper_0/U0/imu_blackbox_i/s00_axi_rdata_OBUF[28]_inst 
Resolution: The tool has removed redundant OBUF. To resolve this warning, check for redundant OBUF in the input design.
WARNING: [Opt 31-33] Removing redundant OBUF since it is not driving a top-level port. design_1_i/imu_wrapper_0/U0/imu_blackbox_i/s00_axi_arready_OBUF_inst 
Resolution: The tool has removed redundant OBUF. To resolve this warning, check for redundant OBUF in the input design.
WARNING: [Opt 31-33] Removing redundant OBUF since it is not driving a top-level port. design_1_i/imu_wrapper_0/U0/imu_blackbox_i/s00_axi_rdata_OBUF[29]_inst 
Resolution: The tool has removed redundant OBUF. To resolve this warning, check for redundant OBUF in the input design.
WARNING: [Opt 31-33] Removing redundant OBUF since it is not driving a top-level port. design_1_i/imu_wrapper_0/U0/imu_blackbox_i/s00_axi_rdata_OBUF[2]_inst 
Resolution: The tool has removed redundant OBUF. To resolve this warning, check for redundant OBUF in the input design.
WARNING: [Opt 31-33] Removing redundant OBUF since it is not driving a top-level port. design_1_i/imu_wrapper_0/U0/imu_blackbox_i/s00_axi_rdata_OBUF[30]_inst 
Resolution: The tool has removed redundant OBUF. To resolve this warning, check for redundant OBUF in the input design.
WARNING: [Opt 31-33] Removing redundant OBUF since it is not driving a top-level port. design_1_i/imu_wrapper_0/U0/imu_blackbox_i/s00_axi_rdata_OBUF[31]_inst 
Resolution: The tool has removed redundant OBUF. To resolve this warning, check for redundant OBUF in the input design.
WARNING: [Opt 31-33] Removing redundant OBUF since it is not driving a top-level port. design_1_i/imu_wrapper_0/U0/imu_blackbox_i/s00_axi_rdata_OBUF[3]_inst 
Resolution: The tool has removed redundant OBUF. To resolve this warning, check for redundant OBUF in the input design.
WARNING: [Opt 31-33] Removing redundant OBUF since it is not driving a top-level port. design_1_i/imu_wrapper_0/U0/imu_blackbox_i/s00_axi_rdata_OBUF[4]_inst 
Resolution: The tool has removed redundant OBUF. To resolve this warning, check for redundant OBUF in the input design.
WARNING: [Opt 31-33] Removing redundant OBUF since it is not driving a top-level port. design_1_i/imu_wrapper_0/U0/imu_blackbox_i/s00_axi_rdata_OBUF[5]_inst 
Resolution: The tool has removed redundant OBUF. To resolve this warning, check for redundant OBUF in the input design.
WARNING: [Opt 31-33] Removing redundant OBUF since it is not driving a top-level port. design_1_i/imu_wrapper_0/U0/imu_blackbox_i/s00_axi_rdata_OBUF[6]_inst 
Resolution: The tool has removed redundant OBUF. To resolve this warning, check for redundant OBUF in the input design.
WARNING: [Opt 31-33] Removing redundant OBUF since it is not driving a top-level port. design_1_i/imu_wrapper_0/U0/imu_blackbox_i/s00_axi_rdata_OBUF[7]_inst 
Resolution: The tool has removed redundant OBUF. To resolve this warning, check for redundant OBUF in the input design.
WARNING: [Opt 31-33] Removing redundant OBUF since it is not driving a top-level port. design_1_i/imu_wrapper_0/U0/imu_blackbox_i/s00_axi_rdata_OBUF[8]_inst 
Resolution: The tool has removed redundant OBUF. To resolve this warning, check for redundant OBUF in the input design.
WARNING: [Opt 31-33] Removing redundant OBUF since it is not driving a top-level port. design_1_i/imu_wrapper_0/U0/imu_blackbox_i/s00_axi_rdata_OBUF[9]_inst 
Resolution: The tool has removed redundant OBUF. To resolve this warning, check for redundant OBUF in the input design.
WARNING: [Opt 31-33] Removing redundant OBUF since it is not driving a top-level port. design_1_i/imu_wrapper_0/U0/imu_blackbox_i/s00_axi_rvalid_OBUF_inst 
Resolution: The tool has removed redundant OBUF. To resolve this warning, check for redundant OBUF in the input design.
WARNING: [Opt 31-33] Removing redundant OBUF since it is not driving a top-level port. design_1_i/imu_wrapper_0/U0/imu_blackbox_i/s00_axi_awready_OBUF_inst 
Resolution: The tool has removed redundant OBUF. To resolve this warning, check for redundant OBUF in the input design.
WARNING: [Opt 31-33] Removing redundant OBUF since it is not driving a top-level port. design_1_i/imu_wrapper_0/U0/imu_blackbox_i/s00_axi_rresp_OBUF[0]_inst 
Resolution: The tool has removed redundant OBUF. To resolve this warning, check for redundant OBUF in the input design.
WARNING: [Opt 31-33] Removing redundant OBUF since it is not driving a top-level port. design_1_i/imu_wrapper_0/U0/imu_blackbox_i/s00_axi_rresp_OBUF[1]_inst 
Resolution: The tool has removed redundant OBUF. To resolve this warning, check for redundant OBUF in the input design.
WARNING: [Opt 31-33] Removing redundant OBUF since it is not driving a top-level port. design_1_i/imu_wrapper_0/U0/imu_blackbox_i/s00_axi_bresp_OBUF[0]_inst 
Resolution: The tool has removed redundant OBUF. To resolve this warning, check for redundant OBUF in the input design.
WARNING: [Opt 31-33] Removing redundant OBUF since it is not driving a top-level port. design_1_i/imu_wrapper_0/U0/imu_blackbox_i/s00_axi_bresp_OBUF[1]_inst 
Resolution: The tool has removed redundant OBUF. To resolve this warning, check for redundant OBUF in the input design.
WARNING: [Opt 31-33] Removing redundant OBUF since it is not driving a top-level port. design_1_i/imu_wrapper_0/U0/imu_blackbox_i/s00_axi_bvalid_OBUF_inst 
Resolution: The tool has removed redundant OBUF. To resolve this warning, check for redundant OBUF in the input design.
WARNING: [Opt 31-33] Removing redundant OBUF since it is not driving a top-level port. design_1_i/imu_wrapper_0/U0/imu_blackbox_i/s00_axi_rdata_OBUF[0]_inst 
Resolution: The tool has removed redundant OBUF. To resolve this warning, check for redundant OBUF in the input design.
WARNING: [Opt 31-33] Removing redundant OBUF since it is not driving a top-level port. design_1_i/imu_wrapper_0/U0/imu_blackbox_i/s00_axi_rdata_OBUF[10]_inst 
Resolution: The tool has removed redundant OBUF. To resolve this warning, check for redundant OBUF in the input design.
WARNING: [Opt 31-33] Removing redundant OBUF since it is not driving a top-level port. design_1_i/imu_wrapper_0/U0/imu_blackbox_i/s00_axi_rdata_OBUF[11]_inst 
Resolution: The tool has removed redundant OBUF. To resolve this warning, check for redundant OBUF in the input design.
WARNING: [Opt 31-33] Removing redundant OBUF since it is not driving a top-level port. design_1_i/imu_wrapper_0/U0/imu_blackbox_i/s00_axi_rdata_OBUF[12]_inst 
Resolution: The tool has removed redundant OBUF. To resolve this warning, check for redundant OBUF in the input design.
WARNING: [Opt 31-33] Removing redundant OBUF since it is not driving a top-level port. design_1_i/imu_wrapper_0/U0/imu_blackbox_i/s00_axi_rdata_OBUF[13]_inst 
Resolution: The tool has removed redundant OBUF. To resolve this warning, check for redundant OBUF in the input design.
WARNING: [Opt 31-33] Removing redundant OBUF since it is not driving a top-level port. design_1_i/imu_wrapper_0/U0/imu_blackbox_i/s00_axi_rdata_OBUF[14]_inst 
Resolution: The tool has removed redundant OBUF. To resolve this warning, check for redundant OBUF in the input design.
WARNING: [Opt 31-33] Removing redundant OBUF since it is not driving a top-level port. design_1_i/imu_wrapper_0/U0/imu_blackbox_i/s00_axi_rdata_OBUF[15]_inst 
Resolution: The tool has removed redundant OBUF. To resolve this warning, check for redundant OBUF in the input design.
Parsing XDC File [s:/4-19-21/src/ip/design_1_processing_system7_0_0/design_1_processing_system7_0_0.xdc] for cell 'design_1_i/processing_system7_0/inst'
Finished Parsing XDC File [s:/4-19-21/src/ip/design_1_processing_system7_0_0/design_1_processing_system7_0_0.xdc] for cell 'design_1_i/processing_system7_0/inst'
Parsing XDC File [s:/4-19-21/src/ip/design_1_rst_ps7_0_50M_0/design_1_rst_ps7_0_50M_0_board.xdc] for cell 'design_1_i/rst_ps7_0_50M/U0'
Finished Parsing XDC File [s:/4-19-21/src/ip/design_1_rst_ps7_0_50M_0/design_1_rst_ps7_0_50M_0_board.xdc] for cell 'design_1_i/rst_ps7_0_50M/U0'
Parsing XDC File [s:/4-19-21/src/ip/design_1_rst_ps7_0_50M_0/design_1_rst_ps7_0_50M_0.xdc] for cell 'design_1_i/rst_ps7_0_50M/U0'
Finished Parsing XDC File [s:/4-19-21/src/ip/design_1_rst_ps7_0_50M_0/design_1_rst_ps7_0_50M_0.xdc] for cell 'design_1_i/rst_ps7_0_50M/U0'
Parsing XDC File [S:/4-19-21/src/constraints.xdc]
Finished Parsing XDC File [S:/4-19-21/src/constraints.xdc]
INFO: [Opt 31-138] Pushed 0 inverter(s) to 0 load pin(s).
INFO: [Project 1-111] Unisim Transformation Summary:
  A total of 2 instances were transformed.
  IOBUF => IOBUF (IBUF, OBUFT): 2 instances

link_design: Time (s): cpu = 00:00:08 ; elapsed = 00:00:19 . Memory (MB): peak = 589.805 ; gain = 299.156
CRITICAL WARNING: [Pfi 67-13] Hardware Handoff file imu_blackbox.hwdef does not exist for instance design_1_i/imu_wrapper_0/U0/imu_blackbox_i/imu_blackbox_i
INFO: [Chipscope 16-241] No debug cores found in the current design.
Before running the implement_debug_core command, either use the Set Up Debug wizard (GUI mode)
or use the create_debug_core and connect_debug_core Tcl commands to insert debug cores into the design.
Command: place_design
Attempting to get a license for feature 'Implementation' and/or device 'xc7z010-clg400'
INFO: [Common 17-349] Got license for feature 'Implementation' and/or device 'xc7z010-clg400'
Command: report_drc (run_mandatory_drcs) for: incr_eco_checks
INFO: [DRC 23-27] Running DRC with 2 threads
report_drc (run_mandatory_drcs) completed successfully
INFO: [Vivado_Tcl 4-198] DRC finished with 0 Errors
INFO: [Vivado_Tcl 4-199] Please refer to the DRC report (report_drc) for more information.
Running DRC as a precondition to command place_design
Command: report_drc (run_mandatory_drcs) for: placer_checks
INFO: [DRC 23-27] Running DRC with 2 threads
report_drc (run_mandatory_drcs) completed successfully
INFO: [Vivado_Tcl 4-198] DRC finished with 0 Errors
INFO: [Vivado_Tcl 4-199] Please refer to the DRC report (report_drc) for more information.

Starting Placer Task
INFO: [Place 30-611] Multithreading enabled for place_design using a maximum of 2 CPUs

Phase 1 Placer Initialization

Phase 1.1 Placer Initialization Netlist Sorting
Netlist sorting complete. Time (s): cpu = 00:00:00 ; elapsed = 00:00:00.007 . Memory (MB): peak = 599.453 ; gain = 0.000
Phase 1.1 Placer Initialization Netlist Sorting | Checksum: ef059187

Time (s): cpu = 00:00:00 ; elapsed = 00:00:00.040 . Memory (MB): peak = 599.453 ; gain = 0.000
INFO: [Timing 38-35] Done setting XDC timing constraints.
INFO: [Opt 31-138] Pushed 0 inverter(s) to 0 load pin(s).
Netlist sorting complete. Time (s): cpu = 00:00:00 ; elapsed = 00:00:00.007 . Memory (MB): peak = 1100.184 ; gain = 0.000

Phase 1.2 IO Placement/ Clock Placement/ Build Placer Device
INFO: [Timing 38-35] Done setting XDC timing constraints.
Phase 1.2 IO Placement/ Clock Placement/ Build Placer Device | Checksum: 127f67b12

Time (s): cpu = 00:00:10 ; elapsed = 00:00:11 . Memory (MB): peak = 1105.227 ; gain = 505.773

Phase 1.3 Build Placer Netlist Model
Phase 1.3 Build Placer Netlist Model | Checksum: a44147a3

Time (s): cpu = 00:00:11 ; elapsed = 00:00:12 . Memory (MB): peak = 1105.227 ; gain = 505.773

Phase 1.4 Constrain Clocks/Macros
Phase 1.4 Constrain Clocks/Macros | Checksum: a44147a3

Time (s): cpu = 00:00:11 ; elapsed = 00:00:12 . Memory (MB): peak = 1105.227 ; gain = 505.773
Phase 1 Placer Initialization | Checksum: a44147a3

Time (s): cpu = 00:00:11 ; elapsed = 00:00:12 . Memory (MB): peak = 1105.227 ; gain = 505.773

Phase 2 Global Placement
Phase 2 Global Placement | Checksum: ba7a9321

Time (s): cpu = 00:00:14 ; elapsed = 00:00:13 . Memory (MB): peak = 1105.227 ; gain = 505.773

Phase 3 Detail Placement

Phase 3.1 Commit Multi Column Macros
Phase 3.1 Commit Multi Column Macros | Checksum: ba7a9321

Time (s): cpu = 00:00:14 ; elapsed = 00:00:13 . Memory (MB): peak = 1105.227 ; gain = 505.773

Phase 3.2 Commit Most Macros & LUTRAMs
Phase 3.2 Commit Most Macros & LUTRAMs | Checksum: 1112fb5f8

Time (s): cpu = 00:00:15 ; elapsed = 00:00:13 . Memory (MB): peak = 1105.227 ; gain = 505.773

Phase 3.3 Area Swap Optimization
Phase 3.3 Area Swap Optimization | Checksum: d9db2b29

Time (s): cpu = 00:00:15 ; elapsed = 00:00:14 . Memory (MB): peak = 1105.227 ; gain = 505.773

Phase 3.4 Pipeline Register Optimization
Phase 3.4 Pipeline Register Optimization | Checksum: 153f61015

Time (s): cpu = 00:00:15 ; elapsed = 00:00:14 . Memory (MB): peak = 1105.227 ; gain = 505.773

Phase 3.5 Timing Path Optimizer
Phase 3.5 Timing Path Optimizer | Checksum: ef2612fa

Time (s): cpu = 00:00:15 ; elapsed = 00:00:14 . Memory (MB): peak = 1105.227 ; gain = 505.773

Phase 3.6 Small Shape Detail Placement
Phase 3.6 Small Shape Detail Placement | Checksum: f599d7e7

Time (s): cpu = 00:00:16 ; elapsed = 00:00:15 . Memory (MB): peak = 1105.227 ; gain = 505.773

Phase 3.7 Re-assign LUT pins
Phase 3.7 Re-assign LUT pins | Checksum: 19a7a5d93

Time (s): cpu = 00:00:16 ; elapsed = 00:00:15 . Memory (MB): peak = 1105.227 ; gain = 505.773

Phase 3.8 Pipeline Register Optimization
Phase 3.8 Pipeline Register Optimization | Checksum: 19a7a5d93

Time (s): cpu = 00:00:16 ; elapsed = 00:00:15 . Memory (MB): peak = 1105.227 ; gain = 505.773
Phase 3 Detail Placement | Checksum: 19a7a5d93

Time (s): cpu = 00:00:17 ; elapsed = 00:00:15 . Memory (MB): peak = 1105.227 ; gain = 505.773

Phase 4 Post Placement Optimization and Clean-Up

Phase 4.1 Post Commit Optimization
INFO: [Timing 38-35] Done setting XDC timing constraints.

Phase 4.1.1 Post Placement Optimization
Post Placement Optimization Initialization | Checksum: 214bdd7c4

Phase 4.1.1.1 BUFG Insertion
INFO: [Physopt 32-721] Multithreading enabled for phys_opt_design using a maximum of 2 CPUs
INFO: [Place 46-41] BUFG insertion identified 0 candidate nets, 0 success, 0 skipped for placement/routing, 0 skipped for timing, 0 skipped for netlist change reason.
Phase 4.1.1.1 BUFG Insertion | Checksum: 214bdd7c4

Time (s): cpu = 00:00:18 ; elapsed = 00:00:16 . Memory (MB): peak = 1105.227 ; gain = 505.773
INFO: [Place 30-746] Post Placement Timing Summary WNS=13.188. For the most accurate timing information please run report_timing.
Phase 4.1.1 Post Placement Optimization | Checksum: 260b76427

Time (s): cpu = 00:00:18 ; elapsed = 00:00:16 . Memory (MB): peak = 1105.227 ; gain = 505.773
Phase 4.1 Post Commit Optimization | Checksum: 260b76427

Time (s): cpu = 00:00:18 ; elapsed = 00:00:16 . Memory (MB): peak = 1105.227 ; gain = 505.773

Phase 4.2 Post Placement Cleanup
Phase 4.2 Post Placement Cleanup | Checksum: 260b76427

Time (s): cpu = 00:00:18 ; elapsed = 00:00:16 . Memory (MB): peak = 1105.227 ; gain = 505.773

Phase 4.3 Placer Reporting
Phase 4.3 Placer Reporting | Checksum: 260b76427

Time (s): cpu = 00:00:18 ; elapsed = 00:00:16 . Memory (MB): peak = 1105.227 ; gain = 505.773

Phase 4.4 Final Placement Cleanup
Phase 4.4 Final Placement Cleanup | Checksum: 26187f767

Time (s): cpu = 00:00:18 ; elapsed = 00:00:16 . Memory (MB): peak = 1105.227 ; gain = 505.773
Phase 4 Post Placement Optimization and Clean-Up | Checksum: 26187f767

Time (s): cpu = 00:00:18 ; elapsed = 00:00:16 . Memory (MB): peak = 1105.227 ; gain = 505.773
Ending Placer Task | Checksum: 17fec8198

Time (s): cpu = 00:00:18 ; elapsed = 00:00:16 . Memory (MB): peak = 1105.227 ; gain = 505.773
48 Infos, 112 Warnings, 2 Critical Warnings and 0 Errors encountered.
place_design completed successfully
place_design: Time (s): cpu = 00:00:20 ; elapsed = 00:00:17 . Memory (MB): peak = 1105.227 ; gain = 515.422
Writing placer database...
Writing XDEF routing.
Writing XDEF routing logical nets.
Writing XDEF routing special nets.
Write XDEF Complete: Time (s): cpu = 00:00:02 ; elapsed = 00:00:02 . Memory (MB): peak = 1105.633 ; gain = 0.406
INFO: [Common 17-1381] The checkpoint 'S:/4-19-21/project/newfolder_sys.runs/impl_1/design_1_wrapper_placed.dcp' has been generated.
report_io: Time (s): cpu = 00:00:00 ; elapsed = 00:00:00.074 . Memory (MB): peak = 1106.020 ; gain = 0.387
report_utilization: Time (s): cpu = 00:00:00 ; elapsed = 00:00:00.051 . Memory (MB): peak = 1106.020 ; gain = 0.000
report_control_sets: Time (s): cpu = 00:00:00 ; elapsed = 00:00:00.023 . Memory (MB): peak = 1106.020 ; gain = 0.000
Command: route_design
Attempting to get a license for feature 'Implementation' and/or device 'xc7z010-clg400'
INFO: [Common 17-349] Got license for feature 'Implementation' and/or device 'xc7z010-clg400'
Running DRC as a precondition to command route_design
Command: report_drc (run_mandatory_drcs) for: router_checks
INFO: [DRC 23-27] Running DRC with 2 threads
report_drc (run_mandatory_drcs) completed successfully
INFO: [Vivado_Tcl 4-198] DRC finished with 0 Errors
INFO: [Vivado_Tcl 4-199] Please refer to the DRC report (report_drc) for more information.


Starting Routing Task
INFO: [Route 35-254] Multithreading enabled for route_design using a maximum of 2 CPUs
Checksum: PlaceDB: b02b0426 ConstDB: 0 ShapeSum: cfc17d72 RouteDB: 0

Phase 1 Build RT Design
Phase 1 Build RT Design | Checksum: 38834ba1

Time (s): cpu = 00:00:10 ; elapsed = 00:00:09 . Memory (MB): peak = 1182.359 ; gain = 66.738

Phase 2 Router Initialization

Phase 2.1 Create Timer
Phase 2.1 Create Timer | Checksum: 38834ba1

Time (s): cpu = 00:00:10 ; elapsed = 00:00:09 . Memory (MB): peak = 1182.359 ; gain = 66.738

Phase 2.2 Fix Topology Constraints
Phase 2.2 Fix Topology Constraints | Checksum: 38834ba1

Time (s): cpu = 00:00:10 ; elapsed = 00:00:09 . Memory (MB): peak = 1182.359 ; gain = 66.738

Phase 2.3 Pre Route Cleanup
Phase 2.3 Pre Route Cleanup | Checksum: 38834ba1

Time (s): cpu = 00:00:10 ; elapsed = 00:00:09 . Memory (MB): peak = 1182.359 ; gain = 66.738
 Number of Nodes with overlaps = 0

Phase 2.4 Update Timing
Phase 2.4 Update Timing | Checksum: 218e6b1c3

Time (s): cpu = 00:00:12 ; elapsed = 00:00:10 . Memory (MB): peak = 1182.359 ; gain = 66.738
INFO: [Route 35-416] Intermediate Timing Summary | WNS=13.377 | TNS=0.000  | WHS=-0.145 | THS=-34.483|

Phase 2 Router Initialization | Checksum: 1b6005aeb

Time (s): cpu = 00:00:12 ; elapsed = 00:00:10 . Memory (MB): peak = 1182.359 ; gain = 66.738

Phase 3 Initial Routing
Phase 3 Initial Routing | Checksum: 1cf488962

Time (s): cpu = 00:00:13 ; elapsed = 00:00:10 . Memory (MB): peak = 1182.359 ; gain = 66.738

Phase 4 Rip-up And Reroute

Phase 4.1 Global Iteration 0
 Number of Nodes with overlaps = 266
 Number of Nodes with overlaps = 0
INFO: [Route 35-416] Intermediate Timing Summary | WNS=12.110 | TNS=0.000  | WHS=N/A    | THS=N/A    |

Phase 4.1 Global Iteration 0 | Checksum: 204bc4739

Time (s): cpu = 00:00:14 ; elapsed = 00:00:11 . Memory (MB): peak = 1182.359 ; gain = 66.738

Phase 4.2 Global Iteration 1
 Number of Nodes with overlaps = 4
 Number of Nodes with overlaps = 0
INFO: [Route 35-416] Intermediate Timing Summary | WNS=12.110 | TNS=0.000  | WHS=N/A    | THS=N/A    |

Phase 4.2 Global Iteration 1 | Checksum: 1b78d3c06

Time (s): cpu = 00:00:14 ; elapsed = 00:00:11 . Memory (MB): peak = 1182.359 ; gain = 66.738
Phase 4 Rip-up And Reroute | Checksum: 1b78d3c06

Time (s): cpu = 00:00:14 ; elapsed = 00:00:11 . Memory (MB): peak = 1182.359 ; gain = 66.738

Phase 5 Delay and Skew Optimization

Phase 5.1 Delay CleanUp
Phase 5.1 Delay CleanUp | Checksum: 1b78d3c06

Time (s): cpu = 00:00:14 ; elapsed = 00:00:11 . Memory (MB): peak = 1182.359 ; gain = 66.738

Phase 5.2 Clock Skew Optimization
Phase 5.2 Clock Skew Optimization | Checksum: 1b78d3c06

Time (s): cpu = 00:00:14 ; elapsed = 00:00:11 . Memory (MB): peak = 1182.359 ; gain = 66.738
Phase 5 Delay and Skew Optimization | Checksum: 1b78d3c06

Time (s): cpu = 00:00:14 ; elapsed = 00:00:11 . Memory (MB): peak = 1182.359 ; gain = 66.738

Phase 6 Post Hold Fix

Phase 6.1 Hold Fix Iter

Phase 6.1.1 Update Timing
Phase 6.1.1 Update Timing | Checksum: ffa1e722

Time (s): cpu = 00:00:14 ; elapsed = 00:00:11 . Memory (MB): peak = 1182.359 ; gain = 66.738
INFO: [Route 35-416] Intermediate Timing Summary | WNS=12.110 | TNS=0.000  | WHS=0.028  | THS=0.000  |

Phase 6.1 Hold Fix Iter | Checksum: 1ce76c04a

Time (s): cpu = 00:00:14 ; elapsed = 00:00:11 . Memory (MB): peak = 1182.359 ; gain = 66.738
Phase 6 Post Hold Fix | Checksum: 1ce76c04a

Time (s): cpu = 00:00:15 ; elapsed = 00:00:11 . Memory (MB): peak = 1182.359 ; gain = 66.738

Phase 7 Route finalize

Router Utilization Summary
  Global Vertical Routing Utilization    = 1.57798 %
  Global Horizontal Routing Utilization  = 2.18658 %
  Routable Net Status*
  *Does not include unroutable nets such as driverless and loadless.
  Run report_route_status for detailed report.
  Number of Failed Nets               = 0
  Number of Unrouted Nets             = 0
  Number of Partially Routed Nets     = 0
  Number of Node Overlaps             = 0

Phase 7 Route finalize | Checksum: 1bf25dc1f

Time (s): cpu = 00:00:15 ; elapsed = 00:00:12 . Memory (MB): peak = 1182.359 ; gain = 66.738

Phase 8 Verifying routed nets

 Verification completed successfully
Phase 8 Verifying routed nets | Checksum: 1bf25dc1f

Time (s): cpu = 00:00:15 ; elapsed = 00:00:12 . Memory (MB): peak = 1182.359 ; gain = 66.738

Phase 9 Depositing Routes
Phase 9 Depositing Routes | Checksum: 121a1a723

Time (s): cpu = 00:00:15 ; elapsed = 00:00:12 . Memory (MB): peak = 1182.359 ; gain = 66.738

Phase 10 Post Router Timing
INFO: [Route 35-57] Estimated Timing Summary | WNS=12.110 | TNS=0.000  | WHS=0.028  | THS=0.000  |

INFO: [Route 35-327] The final timing numbers are based on the router estimated timing analysis. For a complete and accurate timing signoff, please run report_timing_summary.
Phase 10 Post Router Timing | Checksum: 121a1a723

Time (s): cpu = 00:00:15 ; elapsed = 00:00:12 . Memory (MB): peak = 1182.359 ; gain = 66.738
INFO: [Route 35-16] Router Completed Successfully

Time (s): cpu = 00:00:15 ; elapsed = 00:00:12 . Memory (MB): peak = 1182.359 ; gain = 66.738

Routing Is Done.
61 Infos, 112 Warnings, 2 Critical Warnings and 0 Errors encountered.
route_design completed successfully
route_design: Time (s): cpu = 00:00:17 ; elapsed = 00:00:13 . Memory (MB): peak = 1182.359 ; gain = 76.340
Writing placer database...
Writing XDEF routing.
Writing XDEF routing logical nets.
Writing XDEF routing special nets.
Write XDEF Complete: Time (s): cpu = 00:00:02 ; elapsed = 00:00:02 . Memory (MB): peak = 1182.359 ; gain = 0.000
INFO: [Common 17-1381] The checkpoint 'S:/4-19-21/project/newfolder_sys.runs/impl_1/design_1_wrapper_routed.dcp' has been generated.
Command: report_drc -file design_1_wrapper_drc_routed.rpt -pb design_1_wrapper_drc_routed.pb -rpx design_1_wrapper_drc_routed.rpx
INFO: [DRC 23-27] Running DRC with 2 threads
INFO: [Coretcl 2-168] The results of DRC are in file S:/4-19-21/project/newfolder_sys.runs/impl_1/design_1_wrapper_drc_routed.rpt.
report_drc completed successfully
Command: report_methodology -file design_1_wrapper_methodology_drc_routed.rpt -rpx design_1_wrapper_methodology_drc_routed.rpx
INFO: [Timing 38-35] Done setting XDC timing constraints.
INFO: [DRC 23-133] Running Methodology with 2 threads
INFO: [Coretcl 2-1520] The results of Report Methodology are in file S:/4-19-21/project/newfolder_sys.runs/impl_1/design_1_wrapper_methodology_drc_routed.rpt.
report_methodology completed successfully
Command: report_power -file design_1_wrapper_power_routed.rpt -pb design_1_wrapper_power_summary_routed.pb -rpx design_1_wrapper_power_routed.rpx
INFO: [Timing 38-35] Done setting XDC timing constraints.
Running Vector-less Activity Propagation...

Finished Running Vector-less Activity Propagation
68 Infos, 112 Warnings, 2 Critical Warnings and 0 Errors encountered.
report_power completed successfully
INFO: [Timing 38-91] UpdateTimingParams: Speed grade: -1, Delay Type: min_max.
INFO: [Timing 38-191] Multithreading enabled for timing update using a maximum of 2 CPUs
Command: write_bitstream -force design_1_wrapper.bit -bin_file
Attempting to get a license for feature 'Implementation' and/or device 'xc7z010-clg400'
INFO: [Common 17-349] Got license for feature 'Implementation' and/or device 'xc7z010-clg400'
Running DRC as a precondition to command write_bitstream
Command: report_drc (run_mandatory_drcs) for: bitstream_checks
INFO: [DRC 23-27] Running DRC with 2 threads
WARNING: [DRC PDRC-153] Gated clock check: Net design_1_i/imu_wrapper_0/U0/imu_blackbox_i/imu_blackbox_i/sensor_interface_v1_0_0/inst/sensor_interface_v1_0_S00_AXI_inst/E[0] is a gated clock net sourced by a combinational pin design_1_i/imu_wrapper_0/U0/imu_blackbox_i/imu_blackbox_i/sensor_interface_v1_0_0/inst/sensor_interface_v1_0_S00_AXI_inst/mm_rdata_reg[15]_i_2/O, cell design_1_i/imu_wrapper_0/U0/imu_blackbox_i/imu_blackbox_i/sensor_interface_v1_0_0/inst/sensor_interface_v1_0_S00_AXI_inst/mm_rdata_reg[15]_i_2. This is not good design practice and will likely impact performance. For SLICE registers, for example, use the CE pin to control the loading of data.
WARNING: [DRC RTSTAT-10] No routable loads: 1894 net(s) have no routable loads. The problem bus(es) and/or net(s) are design_1_i/processing_system7_0/inst/CAN0_PHY_TX, design_1_i/processing_system7_0/inst/CAN1_PHY_TX, design_1_i/processing_system7_0/inst/DMA0_DATYPE[1:0], design_1_i/processing_system7_0/inst/DMA0_DAVALID, design_1_i/processing_system7_0/inst/DMA0_DRREADY, design_1_i/processing_system7_0/inst/DMA0_RSTN, design_1_i/processing_system7_0/inst/DMA1_DATYPE[1:0], design_1_i/processing_system7_0/inst/DMA1_DAVALID, design_1_i/processing_system7_0/inst/DMA1_DRREADY, design_1_i/processing_system7_0/inst/DMA1_RSTN, design_1_i/processing_system7_0/inst/DMA2_DATYPE[1:0], design_1_i/processing_system7_0/inst/DMA2_DAVALID, design_1_i/processing_system7_0/inst/DMA2_DRREADY, design_1_i/processing_system7_0/inst/DMA2_RSTN, design_1_i/processing_system7_0/inst/DMA3_DATYPE[1:0]... and (the first 15 of 988 listed).
report_drc (run_mandatory_drcs) completed successfully
INFO: [Vivado 12-3199] DRC finished with 0 Errors, 2 Warnings
INFO: [Vivado 12-3200] Please refer to the DRC report (report_drc) for more information.
INFO: [Project 1-821] Please set project.enableDesignId to be 'true'.
INFO: [Designutils 20-2272] Running write_bitstream with 2 threads.
Loading data files...
Loading site data...
Loading route data...
Processing options...
Creating bitmap...
Creating bitstream...
Writing bitstream ./design_1_wrapper.bit...
Writing bitstream ./design_1_wrapper.bin...
INFO: [Vivado 12-1842] Bitgen Completed Successfully.
77 Infos, 114 Warnings, 2 Critical Warnings and 0 Errors encountered.
write_bitstream completed successfully
write_bitstream: Time (s): cpu = 00:00:13 ; elapsed = 00:00:12 . Memory (MB): peak = 1582.723 ; gain = 356.238
INFO: [Common 17-206] Exiting Vivado at Thu Apr 26 17:40:18 2018...
