Copyright 1986-2017 Xilinx, Inc. All Rights Reserved.
------------------------------------------------------------------------------------------------------------------------------------------
| Tool Version : Vivado v.2017.2 (win64) Build 1909853 Thu Jun 15 18:39:09 MDT 2017
| Date         : Sat Apr 21 21:47:43 2018
| Host         : ECTET-1360-03 running 64-bit major release  (build 9200)
| Command      : report_drc -file design_1_wrapper_drc_routed.rpt -pb design_1_wrapper_drc_routed.pb -rpx design_1_wrapper_drc_routed.rpx
| Design       : design_1_wrapper
| Device       : xc7z010clg400-1
| Speed File   : -1
| Design State : Routed
------------------------------------------------------------------------------------------------------------------------------------------

Report DRC

Table of Contents
-----------------
1. REPORT SUMMARY
2. REPORT DETAILS

1. REPORT SUMMARY
-----------------
            Netlist: netlist
          Floorplan: design_1
      Design limits: <entire design considered>
           Ruledeck: default
             Max violations: <unlimited>
             Violations found: 2
+-----------+----------+-------------------+------------+
| Rule      | Severity | Description       | Violations |
+-----------+----------+-------------------+------------+
| PDRC-153  | Warning  | Gated clock check | 1          |
| RTSTAT-10 | Warning  | No routable loads | 1          |
+-----------+----------+-------------------+------------+

2. REPORT DETAILS
-----------------
PDRC-153#1 Warning
Gated clock check  
Net design_1_i/imu_wrapper_0/U0/imu_blackbox_i/imu_blackbox_i/sensor_interface_v1_0_0/inst/sensor_interface_v1_0_S00_AXI_inst/E[0] is a gated clock net sourced by a combinational pin design_1_i/imu_wrapper_0/U0/imu_blackbox_i/imu_blackbox_i/sensor_interface_v1_0_0/inst/sensor_interface_v1_0_S00_AXI_inst/mm_rdata_reg[15]_i_2/O, cell design_1_i/imu_wrapper_0/U0/imu_blackbox_i/imu_blackbox_i/sensor_interface_v1_0_0/inst/sensor_interface_v1_0_S00_AXI_inst/mm_rdata_reg[15]_i_2. This is not good design practice and will likely impact performance. For SLICE registers, for example, use the CE pin to control the loading of data.
Related violations: <none>

RTSTAT-10#1 Warning
No routable loads  
1894 net(s) have no routable loads. The problem bus(es) and/or net(s) are design_1_i/processing_system7_0/inst/CAN0_PHY_TX, design_1_i/processing_system7_0/inst/CAN1_PHY_TX, design_1_i/processing_system7_0/inst/DMA0_DATYPE[1:0], design_1_i/processing_system7_0/inst/DMA0_DAVALID, design_1_i/processing_system7_0/inst/DMA0_DRREADY, design_1_i/processing_system7_0/inst/DMA0_RSTN, design_1_i/processing_system7_0/inst/DMA1_DATYPE[1:0], design_1_i/processing_system7_0/inst/DMA1_DAVALID, design_1_i/processing_system7_0/inst/DMA1_DRREADY, design_1_i/processing_system7_0/inst/DMA1_RSTN, design_1_i/processing_system7_0/inst/DMA2_DATYPE[1:0], design_1_i/processing_system7_0/inst/DMA2_DAVALID, design_1_i/processing_system7_0/inst/DMA2_DRREADY, design_1_i/processing_system7_0/inst/DMA2_RSTN, design_1_i/processing_system7_0/inst/DMA3_DATYPE[1:0] (the first 15 of 988 listed).
Related violations: <none>


