#-----------------------------------------------------------
# Vivado v2017.2 (64-bit)
# SW Build 1909853 on Thu Jun 15 18:39:09 MDT 2017
# IP Build 1909766 on Thu Jun 15 19:58:00 MDT 2017
# Start of session at: Thu Apr 19 21:42:22 2018
# Process ID: 14712
# Current directory: C:/Users/zdw7287/Downloads/4-19-18/project
# Command line: vivado.exe -gui_launcher_event rodinguilauncherevent5152 C:\Users\zdw7287\Downloads\4-19-18\project\newfolder_sys.xpr
# Log file: C:/Users/zdw7287/Downloads/4-19-18/project/vivado.log
# Journal file: C:/Users/zdw7287/Downloads/4-19-18/project\vivado.jou
#-----------------------------------------------------------
start_gui
open_project C:/Users/zdw7287/Downloads/4-19-18/project/newfolder_sys.xpr
INFO: [Project 1-313] Project file moved from 'S:/echo/echo/project' since last save.
Scanning sources...
Finished scanning sources
INFO: [IP_Flow 19-234] Refreshing IP repositories
INFO: [IP_Flow 19-1700] Loaded user IP repository 'c:/Users/zdw7287/Downloads/4-19-18/ip'.
INFO: [IP_Flow 19-2313] Loaded Vivado IP repository 'C:/Xilinx/Vivado/2017.2/data/ip'.
open_project: Time (s): cpu = 00:00:10 ; elapsed = 00:00:06 . Memory (MB): peak = 852.398 ; gain = 85.656
update_compile_order -fileset sources_1
open_bd_design {C:/Users/zdw7287/Downloads/4-19-18/src/design_1.bd}
Adding cell -- xilinx.com:ip:processing_system7:5.5 - processing_system7_0
Adding cell -- craftdrones:user:blink:1.0 - blink_0
Adding cell -- rit.edu:user:ultrasonic_sensor_axi:1.1 - ultrasonic_sensor_axi_0
Adding cell -- xilinx.com:ip:proc_sys_reset:5.0 - rst_ps7_0_50M
Adding cell -- rit.edu:user:echo_pulse_measurer:1.1 - echo_pulse_measurer_0
Adding cell -- rit.edu:user:echo_pulse_measurer:1.1 - echo_pulse_measurer_1
Adding cell -- rit.edu:user:echo_pulse_measurer:1.1 - echo_pulse_measurer_2
Adding cell -- rit.edu:user:motor_axi:1.2 - motor_axi_0
Adding cell -- xilinx.com:user:imu_wrapper:1.0 - imu_wrapper_0
Adding cell -- rit.edu:user:encoder_reader_top:1.1 - encoder_reader_top_0
Adding cell -- rit.edu:user:encoder_reader_top:1.1 - encoder_reader_top_1
Adding cell -- rit.edu:user:encoder_reader_top:1.1 - encoder_reader_top_2
Adding cell -- rit.edu:user:encoder_reader_top:1.1 - encoder_reader_top_3
Adding cell -- rit.edu:user:pwm_generator:3.6 - pwm_generator_0
Adding cell -- rit.edu:user:pwm_generator:3.6 - pwm_generator_1
Adding cell -- rit.edu:user:pwm_generator:3.6 - pwm_generator_2
Adding cell -- rit.edu:user:pwm_generator:3.6 - pwm_generator_3
Adding cell -- xilinx.com:ip:axi_crossbar:2.1 - xbar
Adding cell -- xilinx.com:ip:axi_protocol_converter:2.1 - auto_pc
Successfully read diagram <design_1> from BD file <C:/Users/zdw7287/Downloads/4-19-18/src/design_1.bd>
open_bd_design: Time (s): cpu = 00:00:06 ; elapsed = 00:00:05 . Memory (MB): peak = 922.316 ; gain = 34.855
delete_bd_objs [get_bd_nets rst_ps7_0_50M_peripheral_reset]
connect_bd_net [get_bd_pins echo_pulse_measurer_0/reset_n_i] [get_bd_pins rst_ps7_0_50M/peripheral_aresetn]
connect_bd_net [get_bd_pins echo_pulse_measurer_2/reset_n_i] [get_bd_pins rst_ps7_0_50M/peripheral_aresetn]
connect_bd_net [get_bd_pins echo_pulse_measurer_1/reset_n_i] [get_bd_pins rst_ps7_0_50M/peripheral_aresetn]
save_bd_design
Wrote  : <C:/Users/zdw7287/Downloads/4-19-18/src/design_1.bd> 
Wrote  : <C:/Users/zdw7287/Downloads/4-19-18/src/ui/bd_1f5defd0.ui> 
report_ip_status -name ip_status 
exit
INFO: [Common 17-206] Exiting Vivado at Thu Apr 19 21:43:53 2018...
