
*** Running vivado
    with args -log design_1_ultrasonic_sensor_axi_0_0.vds -m64 -product Vivado -mode batch -messageDb vivado.pb -notrace -source design_1_ultrasonic_sensor_axi_0_0.tcl


****** Vivado v2017.2 (64-bit)
  **** SW Build 1909853 on Thu Jun 15 18:39:09 MDT 2017
  **** IP Build 1909766 on Thu Jun 15 19:58:00 MDT 2017
    ** Copyright 1986-2017 Xilinx, Inc. All Rights Reserved.

source design_1_ultrasonic_sensor_axi_0_0.tcl -notrace
Command: synth_design -top design_1_ultrasonic_sensor_axi_0_0 -part xc7z010clg400-1 -mode out_of_context
Starting synth_design
Attempting to get a license for feature 'Synthesis' and/or device 'xc7z010-clg400'
INFO: [Common 17-349] Got license for feature 'Synthesis' and/or device 'xc7z010-clg400'
INFO: Launching helper process for spawning children vivado processes
INFO: Helper process launched with PID 11404 
---------------------------------------------------------------------------------
Starting RTL Elaboration : Time (s): cpu = 00:00:04 ; elapsed = 00:00:04 . Memory (MB): peak = 342.066 ; gain = 79.027
---------------------------------------------------------------------------------
INFO: [Synth 8-638] synthesizing module 'design_1_ultrasonic_sensor_axi_0_0' [s:/4-19-21/src/ip/design_1_ultrasonic_sensor_axi_0_0/synth/design_1_ultrasonic_sensor_axi_0_0.vhd:91]
	Parameter C_S00_AXI_DATA_WIDTH bound to: 32 - type: integer 
	Parameter C_S00_AXI_ADDR_WIDTH bound to: 4 - type: integer 
INFO: [Synth 8-3491] module 'ultrasonic_sensor_axi_v1_0' declared at 's:/4-19-21/src/ipshared/e885/hdl/ultrasonic_sensor_axi_v1_0.vhd:5' bound to instance 'U0' of component 'ultrasonic_sensor_axi_v1_0' [s:/4-19-21/src/ip/design_1_ultrasonic_sensor_axi_0_0/synth/design_1_ultrasonic_sensor_axi_0_0.vhd:159]
INFO: [Synth 8-638] synthesizing module 'ultrasonic_sensor_axi_v1_0' [s:/4-19-21/src/ipshared/e885/hdl/ultrasonic_sensor_axi_v1_0.vhd:57]
	Parameter C_S00_AXI_DATA_WIDTH bound to: 32 - type: integer 
	Parameter C_S00_AXI_ADDR_WIDTH bound to: 4 - type: integer 
	Parameter C_S_AXI_DATA_WIDTH bound to: 32 - type: integer 
	Parameter C_S_AXI_ADDR_WIDTH bound to: 4 - type: integer 
INFO: [Synth 8-3491] module 'ultrasonic_sensor_axi_v1_0_S00_AXI' declared at 's:/4-19-21/src/ipshared/e885/hdl/ultrasonic_sensor_axi_v1_0_S00_AXI.vhd:5' bound to instance 'ultrasonic_sensor_axi_v1_0_S00_AXI_inst' of component 'ultrasonic_sensor_axi_v1_0_S00_AXI' [s:/4-19-21/src/ipshared/e885/hdl/ultrasonic_sensor_axi_v1_0.vhd:103]
INFO: [Synth 8-638] synthesizing module 'ultrasonic_sensor_axi_v1_0_S00_AXI' [s:/4-19-21/src/ipshared/e885/hdl/ultrasonic_sensor_axi_v1_0_S00_AXI.vhd:94]
	Parameter C_S_AXI_DATA_WIDTH bound to: 32 - type: integer 
	Parameter C_S_AXI_ADDR_WIDTH bound to: 4 - type: integer 
INFO: [Synth 8-226] default block is never used [s:/4-19-21/src/ipshared/e885/hdl/ultrasonic_sensor_axi_v1_0_S00_AXI.vhd:335]
WARNING: [Synth 8-6014] Unused sequential element loc_addr_reg was removed.  [s:/4-19-21/src/ipshared/e885/hdl/ultrasonic_sensor_axi_v1_0_S00_AXI.vhd:230]
WARNING: [Synth 8-6014] Unused sequential element loc_addr_reg was removed.  [s:/4-19-21/src/ipshared/e885/hdl/ultrasonic_sensor_axi_v1_0_S00_AXI.vhd:334]
INFO: [Synth 8-256] done synthesizing module 'ultrasonic_sensor_axi_v1_0_S00_AXI' (1#1) [s:/4-19-21/src/ipshared/e885/hdl/ultrasonic_sensor_axi_v1_0_S00_AXI.vhd:94]
INFO: [Synth 8-256] done synthesizing module 'ultrasonic_sensor_axi_v1_0' (2#1) [s:/4-19-21/src/ipshared/e885/hdl/ultrasonic_sensor_axi_v1_0.vhd:57]
INFO: [Synth 8-256] done synthesizing module 'design_1_ultrasonic_sensor_axi_0_0' (3#1) [s:/4-19-21/src/ip/design_1_ultrasonic_sensor_axi_0_0/synth/design_1_ultrasonic_sensor_axi_0_0.vhd:91]
WARNING: [Synth 8-3331] design ultrasonic_sensor_axi_v1_0_S00_AXI has unconnected port S_AXI_AWPROT[2]
WARNING: [Synth 8-3331] design ultrasonic_sensor_axi_v1_0_S00_AXI has unconnected port S_AXI_AWPROT[1]
WARNING: [Synth 8-3331] design ultrasonic_sensor_axi_v1_0_S00_AXI has unconnected port S_AXI_AWPROT[0]
WARNING: [Synth 8-3331] design ultrasonic_sensor_axi_v1_0_S00_AXI has unconnected port S_AXI_ARPROT[2]
WARNING: [Synth 8-3331] design ultrasonic_sensor_axi_v1_0_S00_AXI has unconnected port S_AXI_ARPROT[1]
WARNING: [Synth 8-3331] design ultrasonic_sensor_axi_v1_0_S00_AXI has unconnected port S_AXI_ARPROT[0]
---------------------------------------------------------------------------------
Finished RTL Elaboration : Time (s): cpu = 00:00:05 ; elapsed = 00:00:06 . Memory (MB): peak = 383.148 ; gain = 120.109
---------------------------------------------------------------------------------

Report Check Netlist: 
+------+------------------+-------+---------+-------+------------------+
|      |Item              |Errors |Warnings |Status |Description       |
+------+------------------+-------+---------+-------+------------------+
|1     |multi_driven_nets |      0|        0|Passed |Multi driven nets |
+------+------------------+-------+---------+-------+------------------+
---------------------------------------------------------------------------------
Finished RTL Optimization Phase 1 : Time (s): cpu = 00:00:05 ; elapsed = 00:00:06 . Memory (MB): peak = 383.148 ; gain = 120.109
---------------------------------------------------------------------------------
INFO: [Device 21-403] Loading part xc7z010clg400-1
INFO: [Project 1-570] Preparing netlist for logic optimization

Processing XDC Constraints
Initializing timing engine
Completed Processing XDC Constraints

INFO: [Project 1-111] Unisim Transformation Summary:
No Unisim elements were transformed.

Constraint Validation Runtime : Time (s): cpu = 00:00:00 ; elapsed = 00:00:00.019 . Memory (MB): peak = 675.402 ; gain = 0.000
---------------------------------------------------------------------------------
Finished Constraint Validation : Time (s): cpu = 00:00:14 ; elapsed = 00:00:16 . Memory (MB): peak = 675.402 ; gain = 412.363
---------------------------------------------------------------------------------
---------------------------------------------------------------------------------
Start Loading Part and Timing Information
---------------------------------------------------------------------------------
Loading part: xc7z010clg400-1
---------------------------------------------------------------------------------
Finished Loading Part and Timing Information : Time (s): cpu = 00:00:14 ; elapsed = 00:00:16 . Memory (MB): peak = 675.402 ; gain = 412.363
---------------------------------------------------------------------------------
---------------------------------------------------------------------------------
Start Applying 'set_property' XDC Constraints
---------------------------------------------------------------------------------
---------------------------------------------------------------------------------
Finished applying 'set_property' XDC Constraints : Time (s): cpu = 00:00:14 ; elapsed = 00:00:16 . Memory (MB): peak = 675.402 ; gain = 412.363
---------------------------------------------------------------------------------
---------------------------------------------------------------------------------
Finished RTL Optimization Phase 2 : Time (s): cpu = 00:00:14 ; elapsed = 00:00:16 . Memory (MB): peak = 675.402 ; gain = 412.363
---------------------------------------------------------------------------------

Report RTL Partitions: 
+-+--------------+------------+----------+
| |RTL Partition |Replication |Instances |
+-+--------------+------------+----------+
+-+--------------+------------+----------+
---------------------------------------------------------------------------------
Start RTL Component Statistics 
---------------------------------------------------------------------------------
Detailed RTL Component Info : 
+---Registers : 
	               32 Bit    Registers := 5     
	                4 Bit    Registers := 2     
	                2 Bit    Registers := 2     
	                1 Bit    Registers := 9     
+---Muxes : 
	   2 Input     32 Bit        Muxes := 2     
	   4 Input     32 Bit        Muxes := 1     
	   2 Input      1 Bit        Muxes := 5     
---------------------------------------------------------------------------------
Finished RTL Component Statistics 
---------------------------------------------------------------------------------
---------------------------------------------------------------------------------
Start RTL Hierarchical Component Statistics 
---------------------------------------------------------------------------------
Hierarchical RTL Component report 
Module ultrasonic_sensor_axi_v1_0_S00_AXI 
Detailed RTL Component Info : 
+---Registers : 
	               32 Bit    Registers := 5     
	                4 Bit    Registers := 2     
	                2 Bit    Registers := 2     
	                1 Bit    Registers := 9     
+---Muxes : 
	   2 Input     32 Bit        Muxes := 2     
	   4 Input     32 Bit        Muxes := 1     
	   2 Input      1 Bit        Muxes := 5     
---------------------------------------------------------------------------------
Finished RTL Hierarchical Component Statistics
---------------------------------------------------------------------------------
---------------------------------------------------------------------------------
Start Part Resource Summary
---------------------------------------------------------------------------------
Part Resources:
DSPs: 80 (col length:40)
BRAMs: 120 (col length: RAMB18 40 RAMB36 20)
---------------------------------------------------------------------------------
Finished Part Resource Summary
---------------------------------------------------------------------------------
---------------------------------------------------------------------------------
Start Cross Boundary and Area Optimization
---------------------------------------------------------------------------------
WARNING: [Synth 8-3331] design design_1_ultrasonic_sensor_axi_0_0 has unconnected port s00_axi_awprot[2]
WARNING: [Synth 8-3331] design design_1_ultrasonic_sensor_axi_0_0 has unconnected port s00_axi_awprot[1]
WARNING: [Synth 8-3331] design design_1_ultrasonic_sensor_axi_0_0 has unconnected port s00_axi_awprot[0]
WARNING: [Synth 8-3331] design design_1_ultrasonic_sensor_axi_0_0 has unconnected port s00_axi_arprot[2]
WARNING: [Synth 8-3331] design design_1_ultrasonic_sensor_axi_0_0 has unconnected port s00_axi_arprot[1]
WARNING: [Synth 8-3331] design design_1_ultrasonic_sensor_axi_0_0 has unconnected port s00_axi_arprot[0]
INFO: [Synth 8-3333] propagating constant 0 across sequential element (\U0/ultrasonic_sensor_axi_v1_0_S00_AXI_inst/slv_reg1_reg[22] )
INFO: [Synth 8-3333] propagating constant 0 across sequential element (\U0/ultrasonic_sensor_axi_v1_0_S00_AXI_inst/slv_reg2_reg[22] )
INFO: [Synth 8-3333] propagating constant 0 across sequential element (\U0/ultrasonic_sensor_axi_v1_0_S00_AXI_inst/slv_reg3_reg[22] )
INFO: [Synth 8-3333] propagating constant 0 across sequential element (\U0/ultrasonic_sensor_axi_v1_0_S00_AXI_inst/slv_reg1_reg[23] )
INFO: [Synth 8-3333] propagating constant 0 across sequential element (\U0/ultrasonic_sensor_axi_v1_0_S00_AXI_inst/slv_reg2_reg[23] )
INFO: [Synth 8-3333] propagating constant 0 across sequential element (\U0/ultrasonic_sensor_axi_v1_0_S00_AXI_inst/slv_reg3_reg[23] )
INFO: [Synth 8-3333] propagating constant 0 across sequential element (\U0/ultrasonic_sensor_axi_v1_0_S00_AXI_inst/slv_reg1_reg[24] )
INFO: [Synth 8-3333] propagating constant 0 across sequential element (\U0/ultrasonic_sensor_axi_v1_0_S00_AXI_inst/slv_reg2_reg[24] )
INFO: [Synth 8-3333] propagating constant 0 across sequential element (\U0/ultrasonic_sensor_axi_v1_0_S00_AXI_inst/slv_reg3_reg[24] )
INFO: [Synth 8-3333] propagating constant 0 across sequential element (\U0/ultrasonic_sensor_axi_v1_0_S00_AXI_inst/slv_reg1_reg[25] )
INFO: [Synth 8-3333] propagating constant 0 across sequential element (\U0/ultrasonic_sensor_axi_v1_0_S00_AXI_inst/slv_reg2_reg[25] )
INFO: [Synth 8-3333] propagating constant 0 across sequential element (\U0/ultrasonic_sensor_axi_v1_0_S00_AXI_inst/slv_reg3_reg[25] )
INFO: [Synth 8-3333] propagating constant 0 across sequential element (\U0/ultrasonic_sensor_axi_v1_0_S00_AXI_inst/slv_reg1_reg[26] )
INFO: [Synth 8-3333] propagating constant 0 across sequential element (\U0/ultrasonic_sensor_axi_v1_0_S00_AXI_inst/slv_reg2_reg[26] )
INFO: [Synth 8-3333] propagating constant 0 across sequential element (\U0/ultrasonic_sensor_axi_v1_0_S00_AXI_inst/slv_reg3_reg[26] )
INFO: [Synth 8-3333] propagating constant 0 across sequential element (\U0/ultrasonic_sensor_axi_v1_0_S00_AXI_inst/slv_reg1_reg[27] )
INFO: [Synth 8-3333] propagating constant 0 across sequential element (\U0/ultrasonic_sensor_axi_v1_0_S00_AXI_inst/slv_reg2_reg[27] )
INFO: [Synth 8-3333] propagating constant 0 across sequential element (\U0/ultrasonic_sensor_axi_v1_0_S00_AXI_inst/slv_reg3_reg[27] )
INFO: [Synth 8-3333] propagating constant 0 across sequential element (\U0/ultrasonic_sensor_axi_v1_0_S00_AXI_inst/slv_reg1_reg[28] )
INFO: [Synth 8-3333] propagating constant 0 across sequential element (\U0/ultrasonic_sensor_axi_v1_0_S00_AXI_inst/slv_reg2_reg[28] )
INFO: [Synth 8-3333] propagating constant 0 across sequential element (\U0/ultrasonic_sensor_axi_v1_0_S00_AXI_inst/slv_reg3_reg[28] )
INFO: [Synth 8-3333] propagating constant 0 across sequential element (\U0/ultrasonic_sensor_axi_v1_0_S00_AXI_inst/slv_reg1_reg[29] )
INFO: [Synth 8-3333] propagating constant 0 across sequential element (\U0/ultrasonic_sensor_axi_v1_0_S00_AXI_inst/slv_reg2_reg[29] )
INFO: [Synth 8-3333] propagating constant 0 across sequential element (\U0/ultrasonic_sensor_axi_v1_0_S00_AXI_inst/slv_reg3_reg[29] )
INFO: [Synth 8-3333] propagating constant 0 across sequential element (\U0/ultrasonic_sensor_axi_v1_0_S00_AXI_inst/slv_reg1_reg[30] )
INFO: [Synth 8-3333] propagating constant 0 across sequential element (\U0/ultrasonic_sensor_axi_v1_0_S00_AXI_inst/slv_reg2_reg[30] )
INFO: [Synth 8-3333] propagating constant 0 across sequential element (\U0/ultrasonic_sensor_axi_v1_0_S00_AXI_inst/slv_reg3_reg[30] )
INFO: [Synth 8-3333] propagating constant 0 across sequential element (\U0/ultrasonic_sensor_axi_v1_0_S00_AXI_inst/slv_reg1_reg[31] )
INFO: [Synth 8-3333] propagating constant 0 across sequential element (\U0/ultrasonic_sensor_axi_v1_0_S00_AXI_inst/slv_reg2_reg[31] )
INFO: [Synth 8-3333] propagating constant 0 across sequential element (\U0/ultrasonic_sensor_axi_v1_0_S00_AXI_inst/slv_reg3_reg[31] )
INFO: [Synth 8-3333] propagating constant 1 across sequential element (\U0/ultrasonic_sensor_axi_v1_0_S00_AXI_inst/aw_en_reg )
INFO: [Synth 8-3886] merging instance 'U0/ultrasonic_sensor_axi_v1_0_S00_AXI_inst/axi_rresp_reg[0]' (FDRE) to 'U0/ultrasonic_sensor_axi_v1_0_S00_AXI_inst/axi_rresp_reg[1]'
INFO: [Synth 8-3333] propagating constant 0 across sequential element (\U0/ultrasonic_sensor_axi_v1_0_S00_AXI_inst/axi_rresp_reg[1] )
INFO: [Synth 8-3886] merging instance 'U0/ultrasonic_sensor_axi_v1_0_S00_AXI_inst/axi_bresp_reg[0]' (FDRE) to 'U0/ultrasonic_sensor_axi_v1_0_S00_AXI_inst/axi_bresp_reg[1]'
INFO: [Synth 8-3333] propagating constant 0 across sequential element (\U0/ultrasonic_sensor_axi_v1_0_S00_AXI_inst/axi_bresp_reg[1] )
INFO: [Synth 8-3332] Sequential element (U0/ultrasonic_sensor_axi_v1_0_S00_AXI_inst/aw_en_reg) is unused and will be removed from module design_1_ultrasonic_sensor_axi_0_0.
INFO: [Synth 8-3332] Sequential element (U0/ultrasonic_sensor_axi_v1_0_S00_AXI_inst/axi_awaddr_reg[1]) is unused and will be removed from module design_1_ultrasonic_sensor_axi_0_0.
INFO: [Synth 8-3332] Sequential element (U0/ultrasonic_sensor_axi_v1_0_S00_AXI_inst/axi_awaddr_reg[0]) is unused and will be removed from module design_1_ultrasonic_sensor_axi_0_0.
INFO: [Synth 8-3332] Sequential element (U0/ultrasonic_sensor_axi_v1_0_S00_AXI_inst/axi_bresp_reg[1]) is unused and will be removed from module design_1_ultrasonic_sensor_axi_0_0.
INFO: [Synth 8-3332] Sequential element (U0/ultrasonic_sensor_axi_v1_0_S00_AXI_inst/axi_araddr_reg[1]) is unused and will be removed from module design_1_ultrasonic_sensor_axi_0_0.
INFO: [Synth 8-3332] Sequential element (U0/ultrasonic_sensor_axi_v1_0_S00_AXI_inst/axi_araddr_reg[0]) is unused and will be removed from module design_1_ultrasonic_sensor_axi_0_0.
INFO: [Synth 8-3332] Sequential element (U0/ultrasonic_sensor_axi_v1_0_S00_AXI_inst/slv_reg3_reg[31]) is unused and will be removed from module design_1_ultrasonic_sensor_axi_0_0.
INFO: [Synth 8-3332] Sequential element (U0/ultrasonic_sensor_axi_v1_0_S00_AXI_inst/slv_reg3_reg[30]) is unused and will be removed from module design_1_ultrasonic_sensor_axi_0_0.
INFO: [Synth 8-3332] Sequential element (U0/ultrasonic_sensor_axi_v1_0_S00_AXI_inst/slv_reg3_reg[29]) is unused and will be removed from module design_1_ultrasonic_sensor_axi_0_0.
INFO: [Synth 8-3332] Sequential element (U0/ultrasonic_sensor_axi_v1_0_S00_AXI_inst/slv_reg3_reg[28]) is unused and will be removed from module design_1_ultrasonic_sensor_axi_0_0.
INFO: [Synth 8-3332] Sequential element (U0/ultrasonic_sensor_axi_v1_0_S00_AXI_inst/slv_reg3_reg[27]) is unused and will be removed from module design_1_ultrasonic_sensor_axi_0_0.
INFO: [Synth 8-3332] Sequential element (U0/ultrasonic_sensor_axi_v1_0_S00_AXI_inst/slv_reg3_reg[26]) is unused and will be removed from module design_1_ultrasonic_sensor_axi_0_0.
INFO: [Synth 8-3332] Sequential element (U0/ultrasonic_sensor_axi_v1_0_S00_AXI_inst/slv_reg3_reg[25]) is unused and will be removed from module design_1_ultrasonic_sensor_axi_0_0.
INFO: [Synth 8-3332] Sequential element (U0/ultrasonic_sensor_axi_v1_0_S00_AXI_inst/slv_reg3_reg[24]) is unused and will be removed from module design_1_ultrasonic_sensor_axi_0_0.
INFO: [Synth 8-3332] Sequential element (U0/ultrasonic_sensor_axi_v1_0_S00_AXI_inst/slv_reg3_reg[23]) is unused and will be removed from module design_1_ultrasonic_sensor_axi_0_0.
INFO: [Synth 8-3332] Sequential element (U0/ultrasonic_sensor_axi_v1_0_S00_AXI_inst/slv_reg3_reg[22]) is unused and will be removed from module design_1_ultrasonic_sensor_axi_0_0.
INFO: [Synth 8-3332] Sequential element (U0/ultrasonic_sensor_axi_v1_0_S00_AXI_inst/slv_reg2_reg[31]) is unused and will be removed from module design_1_ultrasonic_sensor_axi_0_0.
INFO: [Synth 8-3332] Sequential element (U0/ultrasonic_sensor_axi_v1_0_S00_AXI_inst/slv_reg2_reg[30]) is unused and will be removed from module design_1_ultrasonic_sensor_axi_0_0.
INFO: [Synth 8-3332] Sequential element (U0/ultrasonic_sensor_axi_v1_0_S00_AXI_inst/slv_reg2_reg[29]) is unused and will be removed from module design_1_ultrasonic_sensor_axi_0_0.
INFO: [Synth 8-3332] Sequential element (U0/ultrasonic_sensor_axi_v1_0_S00_AXI_inst/slv_reg2_reg[28]) is unused and will be removed from module design_1_ultrasonic_sensor_axi_0_0.
INFO: [Synth 8-3332] Sequential element (U0/ultrasonic_sensor_axi_v1_0_S00_AXI_inst/slv_reg2_reg[27]) is unused and will be removed from module design_1_ultrasonic_sensor_axi_0_0.
INFO: [Synth 8-3332] Sequential element (U0/ultrasonic_sensor_axi_v1_0_S00_AXI_inst/slv_reg2_reg[26]) is unused and will be removed from module design_1_ultrasonic_sensor_axi_0_0.
INFO: [Synth 8-3332] Sequential element (U0/ultrasonic_sensor_axi_v1_0_S00_AXI_inst/slv_reg2_reg[25]) is unused and will be removed from module design_1_ultrasonic_sensor_axi_0_0.
INFO: [Synth 8-3332] Sequential element (U0/ultrasonic_sensor_axi_v1_0_S00_AXI_inst/slv_reg2_reg[24]) is unused and will be removed from module design_1_ultrasonic_sensor_axi_0_0.
INFO: [Synth 8-3332] Sequential element (U0/ultrasonic_sensor_axi_v1_0_S00_AXI_inst/slv_reg2_reg[23]) is unused and will be removed from module design_1_ultrasonic_sensor_axi_0_0.
INFO: [Synth 8-3332] Sequential element (U0/ultrasonic_sensor_axi_v1_0_S00_AXI_inst/slv_reg2_reg[22]) is unused and will be removed from module design_1_ultrasonic_sensor_axi_0_0.
INFO: [Synth 8-3332] Sequential element (U0/ultrasonic_sensor_axi_v1_0_S00_AXI_inst/slv_reg1_reg[31]) is unused and will be removed from module design_1_ultrasonic_sensor_axi_0_0.
INFO: [Synth 8-3332] Sequential element (U0/ultrasonic_sensor_axi_v1_0_S00_AXI_inst/slv_reg1_reg[30]) is unused and will be removed from module design_1_ultrasonic_sensor_axi_0_0.
INFO: [Synth 8-3332] Sequential element (U0/ultrasonic_sensor_axi_v1_0_S00_AXI_inst/slv_reg1_reg[29]) is unused and will be removed from module design_1_ultrasonic_sensor_axi_0_0.
INFO: [Synth 8-3332] Sequential element (U0/ultrasonic_sensor_axi_v1_0_S00_AXI_inst/slv_reg1_reg[28]) is unused and will be removed from module design_1_ultrasonic_sensor_axi_0_0.
INFO: [Synth 8-3332] Sequential element (U0/ultrasonic_sensor_axi_v1_0_S00_AXI_inst/slv_reg1_reg[27]) is unused and will be removed from module design_1_ultrasonic_sensor_axi_0_0.
INFO: [Synth 8-3332] Sequential element (U0/ultrasonic_sensor_axi_v1_0_S00_AXI_inst/slv_reg1_reg[26]) is unused and will be removed from module design_1_ultrasonic_sensor_axi_0_0.
INFO: [Synth 8-3332] Sequential element (U0/ultrasonic_sensor_axi_v1_0_S00_AXI_inst/slv_reg1_reg[25]) is unused and will be removed from module design_1_ultrasonic_sensor_axi_0_0.
INFO: [Synth 8-3332] Sequential element (U0/ultrasonic_sensor_axi_v1_0_S00_AXI_inst/slv_reg1_reg[24]) is unused and will be removed from module design_1_ultrasonic_sensor_axi_0_0.
INFO: [Synth 8-3332] Sequential element (U0/ultrasonic_sensor_axi_v1_0_S00_AXI_inst/slv_reg1_reg[23]) is unused and will be removed from module design_1_ultrasonic_sensor_axi_0_0.
INFO: [Synth 8-3332] Sequential element (U0/ultrasonic_sensor_axi_v1_0_S00_AXI_inst/slv_reg1_reg[22]) is unused and will be removed from module design_1_ultrasonic_sensor_axi_0_0.
INFO: [Synth 8-3332] Sequential element (U0/ultrasonic_sensor_axi_v1_0_S00_AXI_inst/axi_rresp_reg[1]) is unused and will be removed from module design_1_ultrasonic_sensor_axi_0_0.
---------------------------------------------------------------------------------
Finished Cross Boundary and Area Optimization : Time (s): cpu = 00:00:14 ; elapsed = 00:00:17 . Memory (MB): peak = 675.402 ; gain = 412.363
---------------------------------------------------------------------------------

Report RTL Partitions: 
+-+--------------+------------+----------+
| |RTL Partition |Replication |Instances |
+-+--------------+------------+----------+
+-+--------------+------------+----------+
---------------------------------------------------------------------------------
Start Applying XDC Timing Constraints
---------------------------------------------------------------------------------
---------------------------------------------------------------------------------
Finished Applying XDC Timing Constraints : Time (s): cpu = 00:00:26 ; elapsed = 00:00:29 . Memory (MB): peak = 675.402 ; gain = 412.363
---------------------------------------------------------------------------------
---------------------------------------------------------------------------------
Start Timing Optimization
---------------------------------------------------------------------------------
---------------------------------------------------------------------------------
Finished Timing Optimization : Time (s): cpu = 00:00:26 ; elapsed = 00:00:29 . Memory (MB): peak = 675.402 ; gain = 412.363
---------------------------------------------------------------------------------

Report RTL Partitions: 
+-+--------------+------------+----------+
| |RTL Partition |Replication |Instances |
+-+--------------+------------+----------+
+-+--------------+------------+----------+
---------------------------------------------------------------------------------
Start Technology Mapping
---------------------------------------------------------------------------------
---------------------------------------------------------------------------------
Finished Technology Mapping : Time (s): cpu = 00:00:26 ; elapsed = 00:00:29 . Memory (MB): peak = 675.402 ; gain = 412.363
---------------------------------------------------------------------------------

Report RTL Partitions: 
+-+--------------+------------+----------+
| |RTL Partition |Replication |Instances |
+-+--------------+------------+----------+
+-+--------------+------------+----------+
---------------------------------------------------------------------------------
Start IO Insertion
---------------------------------------------------------------------------------
---------------------------------------------------------------------------------
Start Flattening Before IO Insertion
---------------------------------------------------------------------------------
---------------------------------------------------------------------------------
Finished Flattening Before IO Insertion
---------------------------------------------------------------------------------
---------------------------------------------------------------------------------
Start Final Netlist Cleanup
---------------------------------------------------------------------------------
---------------------------------------------------------------------------------
Finished Final Netlist Cleanup
---------------------------------------------------------------------------------
---------------------------------------------------------------------------------
Finished IO Insertion : Time (s): cpu = 00:00:27 ; elapsed = 00:00:30 . Memory (MB): peak = 675.402 ; gain = 412.363
---------------------------------------------------------------------------------

Report Check Netlist: 
+------+------------------+-------+---------+-------+------------------+
|      |Item              |Errors |Warnings |Status |Description       |
+------+------------------+-------+---------+-------+------------------+
|1     |multi_driven_nets |      0|        0|Passed |Multi driven nets |
+------+------------------+-------+---------+-------+------------------+
---------------------------------------------------------------------------------
Start Renaming Generated Instances
---------------------------------------------------------------------------------
---------------------------------------------------------------------------------
Finished Renaming Generated Instances : Time (s): cpu = 00:00:27 ; elapsed = 00:00:30 . Memory (MB): peak = 675.402 ; gain = 412.363
---------------------------------------------------------------------------------

Report RTL Partitions: 
+-+--------------+------------+----------+
| |RTL Partition |Replication |Instances |
+-+--------------+------------+----------+
+-+--------------+------------+----------+
---------------------------------------------------------------------------------
Start Rebuilding User Hierarchy
---------------------------------------------------------------------------------
---------------------------------------------------------------------------------
Finished Rebuilding User Hierarchy : Time (s): cpu = 00:00:27 ; elapsed = 00:00:30 . Memory (MB): peak = 675.402 ; gain = 412.363
---------------------------------------------------------------------------------
---------------------------------------------------------------------------------
Start Renaming Generated Ports
---------------------------------------------------------------------------------
---------------------------------------------------------------------------------
Finished Renaming Generated Ports : Time (s): cpu = 00:00:27 ; elapsed = 00:00:30 . Memory (MB): peak = 675.402 ; gain = 412.363
---------------------------------------------------------------------------------
---------------------------------------------------------------------------------
Start Handling Custom Attributes
---------------------------------------------------------------------------------
---------------------------------------------------------------------------------
Finished Handling Custom Attributes : Time (s): cpu = 00:00:27 ; elapsed = 00:00:30 . Memory (MB): peak = 675.402 ; gain = 412.363
---------------------------------------------------------------------------------
---------------------------------------------------------------------------------
Start Renaming Generated Nets
---------------------------------------------------------------------------------
---------------------------------------------------------------------------------
Finished Renaming Generated Nets : Time (s): cpu = 00:00:27 ; elapsed = 00:00:30 . Memory (MB): peak = 675.402 ; gain = 412.363
---------------------------------------------------------------------------------
---------------------------------------------------------------------------------
Start Writing Synthesis Report
---------------------------------------------------------------------------------

Report BlackBoxes: 
+-+--------------+----------+
| |BlackBox name |Instances |
+-+--------------+----------+
+-+--------------+----------+

Report Cell Usage: 
+------+-----+------+
|      |Cell |Count |
+------+-----+------+
|1     |LUT1 |     1|
|2     |LUT2 |     1|
|3     |LUT3 |    13|
|4     |LUT4 |     8|
|5     |LUT5 |     2|
|6     |LUT6 |    23|
|7     |FDRE |   140|
|8     |FDSE |     2|
+------+-----+------+

Report Instance Areas: 
+------+--------------------------------------------+-----------------------------------+------+
|      |Instance                                    |Module                             |Cells |
+------+--------------------------------------------+-----------------------------------+------+
|1     |top                                         |                                   |   190|
|2     |  U0                                        |ultrasonic_sensor_axi_v1_0         |   190|
|3     |    ultrasonic_sensor_axi_v1_0_S00_AXI_inst |ultrasonic_sensor_axi_v1_0_S00_AXI |   190|
+------+--------------------------------------------+-----------------------------------+------+
---------------------------------------------------------------------------------
Finished Writing Synthesis Report : Time (s): cpu = 00:00:27 ; elapsed = 00:00:30 . Memory (MB): peak = 675.402 ; gain = 412.363
---------------------------------------------------------------------------------
Synthesis finished with 0 errors, 0 critical warnings and 6 warnings.
Synthesis Optimization Runtime : Time (s): cpu = 00:00:16 ; elapsed = 00:00:23 . Memory (MB): peak = 675.402 ; gain = 120.109
Synthesis Optimization Complete : Time (s): cpu = 00:00:27 ; elapsed = 00:00:30 . Memory (MB): peak = 675.402 ; gain = 412.363
INFO: [Project 1-571] Translating synthesized netlist
INFO: [Project 1-570] Preparing netlist for logic optimization
INFO: [Opt 31-138] Pushed 0 inverter(s) to 0 load pin(s).
INFO: [Project 1-111] Unisim Transformation Summary:
No Unisim elements were transformed.

89 Infos, 14 Warnings, 0 Critical Warnings and 0 Errors encountered.
synth_design completed successfully
synth_design: Time (s): cpu = 00:00:29 ; elapsed = 00:00:32 . Memory (MB): peak = 675.402 ; gain = 413.992
INFO: [Common 17-1381] The checkpoint 'S:/4-19-21/project/newfolder_sys.runs/design_1_ultrasonic_sensor_axi_0_0_synth_1/design_1_ultrasonic_sensor_axi_0_0.dcp' has been generated.
INFO: [Coretcl 2-1482] Added synthesis output to IP cache for IP s:/4-19-21/src/ip/design_1_ultrasonic_sensor_axi_0_0/design_1_ultrasonic_sensor_axi_0_0.xci
INFO: [Coretcl 2-1174] Renamed 2 cell refs.
INFO: [Common 17-1381] The checkpoint 'S:/4-19-21/project/newfolder_sys.runs/design_1_ultrasonic_sensor_axi_0_0_synth_1/design_1_ultrasonic_sensor_axi_0_0.dcp' has been generated.
report_utilization: Time (s): cpu = 00:00:00 ; elapsed = 00:00:00.015 . Memory (MB): peak = 675.402 ; gain = 0.000
INFO: [Common 17-206] Exiting Vivado at Thu Apr 26 17:37:26 2018...
